{"/home/travis/build/npmtest/node-npmtest-swagger-express-middleware/test.js":{"path":"/home/travis/build/npmtest/node-npmtest-swagger-express-middleware/test.js","s":{"1":2,"2":2,"3":2,"4":2,"5":2,"6":2,"7":2,"8":1,"9":2,"10":2,"11":1,"12":1,"13":1,"14":1,"15":2,"16":2,"17":2,"18":2,"19":1,"20":1,"21":2,"22":2,"23":2,"24":1,"25":1,"26":1,"27":1,"28":1,"29":1,"30":1,"31":1,"32":1,"33":1,"34":1,"35":1,"36":1,"37":1,"38":1,"39":2,"40":2,"41":1,"42":2,"43":2,"44":1,"45":2,"46":2,"47":1,"48":2,"49":2,"50":1,"51":1,"52":1,"53":1,"54":1},"b":{"1":[2,1,1,1],"2":[1,1,1,1],"3":[1,1],"4":[1,1],"5":[1,1],"6":[1,1],"7":[1,1],"8":[1,1],"9":[1,1],"10":[1,1,1],"11":[1,1],"12":[1,1],"13":[1,1],"14":[1,1],"15":[1,1],"16":[1,1],"17":[1,1]},"f":{"1":2,"2":2,"3":2,"4":2,"5":2,"6":1,"7":1,"8":1,"9":2,"10":2,"11":2,"12":2,"13":1},"fnMap":{"1":{"name":"(anonymous_1)","line":12,"loc":{"start":{"line":12,"column":1},"end":{"line":12,"column":13}}},"2":{"name":"(anonymous_2)","line":19,"loc":{"start":{"line":19,"column":5},"end":{"line":19,"column":17}}},"3":{"name":"(anonymous_3)","line":23,"loc":{"start":{"line":23,"column":24},"end":{"line":23,"column":36}}},"4":{"name":"(anonymous_4)","line":61,"loc":{"start":{"line":61,"column":5},"end":{"line":61,"column":17}}},"5":{"name":"(anonymous_5)","line":82,"loc":{"start":{"line":82,"column":5},"end":{"line":82,"column":17}}},"6":{"name":"(anonymous_6)","line":91,"loc":{"start":{"line":91,"column":77},"end":{"line":94,"column":10}}},"7":{"name":"(anonymous_7)","line":112,"loc":{"start":{"line":112,"column":83},"end":{"line":115,"column":10}},"skip":true},"8":{"name":"(anonymous_8)","line":123,"loc":{"start":{"line":123,"column":77},"end":{"line":126,"column":10}},"skip":true},"9":{"name":"(anonymous_9)","line":139,"loc":{"start":{"line":139,"column":12},"end":{"line":139,"column":40}},"skip":true},"10":{"name":"(anonymous_10)","line":147,"loc":{"start":{"line":147,"column":77},"end":{"line":150,"column":10}},"skip":true},"11":{"name":"(anonymous_11)","line":158,"loc":{"start":{"line":158,"column":83},"end":{"line":161,"column":10}},"skip":true},"12":{"name":"(anonymous_12)","line":169,"loc":{"start":{"line":169,"column":79},"end":{"line":172,"column":10}},"skip":true},"13":{"name":"(anonymous_13)","line":180,"loc":{"start":{"line":180,"column":75},"end":{"line":183,"column":10}},"skip":true}},"statementMap":{"1":{"start":{"line":12,"column":0},"end":{"line":195,"column":5}},"2":{"start":{"line":14,"column":4},"end":{"line":14,"column":14}},"3":{"start":{"line":19,"column":4},"end":{"line":56,"column":9}},"4":{"start":{"line":21,"column":8},"end":{"line":21,"column":19}},"5":{"start":{"line":23,"column":8},"end":{"line":35,"column":13}},"6":{"start":{"line":24,"column":12},"end":{"line":34,"column":13}},"7":{"start":{"line":25,"column":16},"end":{"line":28,"column":30}},"8":{"start":{"line":30,"column":16},"end":{"line":33,"column":27}},"9":{"start":{"line":37,"column":8},"end":{"line":39,"column":21}},"10":{"start":{"line":40,"column":8},"end":{"line":53,"column":9}},"11":{"start":{"line":43,"column":12},"end":{"line":46,"column":14}},"12":{"start":{"line":47,"column":12},"end":{"line":47,"column":18}},"13":{"start":{"line":50,"column":12},"end":{"line":51,"column":33}},"14":{"start":{"line":52,"column":12},"end":{"line":52,"column":18}},"15":{"start":{"line":55,"column":8},"end":{"line":55,"column":35}},"16":{"start":{"line":61,"column":4},"end":{"line":63,"column":9}},"17":{"start":{"line":62,"column":8},"end":{"line":62,"column":15}},"18":{"start":{"line":64,"column":4},"end":{"line":77,"column":5}},"19":{"start":{"line":70,"column":8},"end":{"line":70,"column":14}},"20":{"start":{"line":76,"column":8},"end":{"line":76,"column":14}},"21":{"start":{"line":82,"column":4},"end":{"line":84,"column":9}},"22":{"start":{"line":83,"column":8},"end":{"line":83,"column":15}},"23":{"start":{"line":85,"column":4},"end":{"line":194,"column":5}},"24":{"start":{"line":91,"column":8},"end":{"line":99,"column":10}},"25":{"start":{"line":98,"column":12},"end":{"line":98,"column":35}},"26":{"start":{"line":102,"column":8},"end":{"line":104,"column":63}},"27":{"start":{"line":105,"column":8},"end":{"line":105,"column":14}},"28":{"start":{"line":112,"column":8},"end":{"line":121,"column":10},"skip":true},"29":{"start":{"line":119,"column":12},"end":{"line":119,"column":55},"skip":true},"30":{"start":{"line":120,"column":12},"end":{"line":120,"column":48},"skip":true},"31":{"start":{"line":123,"column":8},"end":{"line":136,"column":10},"skip":true},"32":{"start":{"line":130,"column":12},"end":{"line":130,"column":76},"skip":true},"33":{"start":{"line":131,"column":12},"end":{"line":131,"column":73},"skip":true},"34":{"start":{"line":132,"column":12},"end":{"line":132,"column":74},"skip":true},"35":{"start":{"line":133,"column":12},"end":{"line":133,"column":79},"skip":true},"36":{"start":{"line":134,"column":12},"end":{"line":134,"column":25},"skip":true},"37":{"start":{"line":135,"column":12},"end":{"line":135,"column":45},"skip":true},"38":{"start":{"line":138,"column":8},"end":{"line":145,"column":14},"skip":true},"39":{"start":{"line":143,"column":16},"end":{"line":143,"column":29},"skip":true},"40":{"start":{"line":144,"column":16},"end":{"line":144,"column":55},"skip":true},"41":{"start":{"line":147,"column":8},"end":{"line":156,"column":10},"skip":true},"42":{"start":{"line":154,"column":12},"end":{"line":154,"column":25},"skip":true},"43":{"start":{"line":155,"column":12},"end":{"line":155,"column":45},"skip":true},"44":{"start":{"line":158,"column":8},"end":{"line":167,"column":10},"skip":true},"45":{"start":{"line":165,"column":12},"end":{"line":165,"column":25},"skip":true},"46":{"start":{"line":166,"column":12},"end":{"line":166,"column":48},"skip":true},"47":{"start":{"line":169,"column":8},"end":{"line":178,"column":10},"skip":true},"48":{"start":{"line":176,"column":12},"end":{"line":176,"column":25},"skip":true},"49":{"start":{"line":177,"column":12},"end":{"line":177,"column":46},"skip":true},"50":{"start":{"line":180,"column":8},"end":{"line":189,"column":10},"skip":true},"51":{"start":{"line":187,"column":12},"end":{"line":187,"column":94},"skip":true},"52":{"start":{"line":188,"column":12},"end":{"line":188,"column":48},"skip":true},"53":{"start":{"line":192,"column":8},"end":{"line":192,"column":35},"skip":true},"54":{"start":{"line":193,"column":8},"end":{"line":193,"column":14},"skip":true}},"branchMap":{"1":{"line":25,"type":"binary-expr","locations":[{"start":{"line":25,"column":23},"end":{"line":25,"column":62}},{"start":{"line":26,"column":20},"end":{"line":26,"column":70}},{"start":{"line":27,"column":20},"end":{"line":27,"column":71}},{"start":{"line":28,"column":20},"end":{"line":28,"column":29}}]},"2":{"line":30,"type":"binary-expr","locations":[{"start":{"line":30,"column":23},"end":{"line":30,"column":37}},{"start":{"line":31,"column":20},"end":{"line":31,"column":61}},{"start":{"line":32,"column":20},"end":{"line":32,"column":70}},{"start":{"line":33,"column":20},"end":{"line":33,"column":26}}]},"3":{"line":37,"type":"cond-expr","locations":[{"start":{"line":38,"column":14},"end":{"line":38,"column":20}},{"start":{"line":39,"column":14},"end":{"line":39,"column":20}}]},"4":{"line":40,"type":"switch","locations":[{"start":{"line":42,"column":8},"end":{"line":47,"column":18}},{"start":{"line":49,"column":8},"end":{"line":52,"column":18}}]},"5":{"line":44,"type":"binary-expr","locations":[{"start":{"line":44,"column":16},"end":{"line":44,"column":44}},{"start":{"line":44,"column":48},"end":{"line":44,"column":66}}]},"6":{"line":50,"type":"binary-expr","locations":[{"start":{"line":50,"column":21},"end":{"line":50,"column":49}},{"start":{"line":50,"column":53},"end":{"line":50,"column":72}}]},"7":{"line":64,"type":"switch","locations":[{"start":{"line":69,"column":4},"end":{"line":70,"column":14}},{"start":{"line":75,"column":4},"end":{"line":76,"column":14}}]},"8":{"line":85,"type":"switch","locations":[{"start":{"line":90,"column":4},"end":{"line":105,"column":14}},{"start":{"line":111,"column":4},"end":{"line":193,"column":14},"skip":true}]},"9":{"line":91,"type":"binary-expr","locations":[{"start":{"line":91,"column":42},"end":{"line":91,"column":73}},{"start":{"line":91,"column":77},"end":{"line":99,"column":9}}]},"10":{"line":102,"type":"binary-expr","locations":[{"start":{"line":102,"column":18},"end":{"line":102,"column":32}},{"start":{"line":103,"column":12},"end":{"line":103,"column":53}},{"start":{"line":104,"column":12},"end":{"line":104,"column":61}}]},"11":{"line":112,"type":"binary-expr","locations":[{"start":{"line":112,"column":45},"end":{"line":112,"column":79},"skip":true},{"start":{"line":112,"column":83},"end":{"line":121,"column":9},"skip":true}]},"12":{"line":123,"type":"binary-expr","locations":[{"start":{"line":123,"column":42},"end":{"line":123,"column":73},"skip":true},{"start":{"line":123,"column":77},"end":{"line":136,"column":9},"skip":true}]},"13":{"line":138,"type":"binary-expr","locations":[{"start":{"line":138,"column":48},"end":{"line":138,"column":85},"skip":true},{"start":{"line":139,"column":12},"end":{"line":145,"column":13},"skip":true}]},"14":{"line":147,"type":"binary-expr","locations":[{"start":{"line":147,"column":42},"end":{"line":147,"column":73},"skip":true},{"start":{"line":147,"column":77},"end":{"line":156,"column":9},"skip":true}]},"15":{"line":158,"type":"binary-expr","locations":[{"start":{"line":158,"column":45},"end":{"line":158,"column":79},"skip":true},{"start":{"line":158,"column":83},"end":{"line":167,"column":9},"skip":true}]},"16":{"line":169,"type":"binary-expr","locations":[{"start":{"line":169,"column":43},"end":{"line":169,"column":75},"skip":true},{"start":{"line":169,"column":79},"end":{"line":178,"column":9},"skip":true}]},"17":{"line":180,"type":"binary-expr","locations":[{"start":{"line":180,"column":41},"end":{"line":180,"column":71},"skip":true},{"start":{"line":180,"column":75},"end":{"line":189,"column":9},"skip":true}]}},"code":["/* istanbul instrument in package npmtest_swagger_express_middleware */","/*jslint","    bitwise: true,","    browser: true,","    maxerr: 8,","    maxlen: 96,","    node: true,","    nomen: true,","    regexp: true,","    stupid: true","*/","(function () {","    'use strict';","    var local;","","","","    // run shared js-env code - init-before","    (function () {","        // init local","        local = {};","        // init modeJs","        local.modeJs = (function () {","            try {","                return typeof navigator.userAgent === 'string' &&","                    typeof document.querySelector('body') === 'object' &&","                    typeof XMLHttpRequest.prototype.open === 'function' &&","                    'browser';","            } catch (errorCaughtBrowser) {","                return module.exports &&","                    typeof process.versions.node === 'string' &&","                    typeof require('http').createServer === 'function' &&","                    'node';","            }","        }());","        // init global","        local.global = local.modeJs === 'browser'","            ? window","            : global;","        switch (local.modeJs) {","        // re-init local from window.local","        case 'browser':","            local = local.global.utility2.objectSetDefault(","                local.global.utility2_rollup || local.global.local,","                local.global.utility2","            );","            break;","        // re-init local from example.js","        case 'node':","            local = (local.global.utility2_rollup || require('utility2'))","                .requireReadme();","            break;","        }","        // export local","        local.global.local = local;","    }());","","","","    // run shared js-env code - function","    (function () {","        return;","    }());","    switch (local.modeJs) {","","","","    // run browser js-env code - function","    case 'browser':","        break;","","","","    // run node js-env code - function","    case 'node':","        break;","    }","","","","    // run shared js-env code - init-after","    (function () {","        return;","    }());","    switch (local.modeJs) {","","","","    // run browser js-env code - init-after","    case 'browser':","        local.testCase_browser_nullCase = local.testCase_browser_nullCase || function (","            options,","            onError","        ) {","        /*","         * this function will test browsers's null-case handling-behavior-behavior","         */","            onError(null, options);","        };","","        // run tests","        local.nop(local.modeTest &&","            document.querySelector('#testRunButton1') &&","            document.querySelector('#testRunButton1').click());","        break;","","","","    // run node js-env code - init-after","    /* istanbul ignore next */","    case 'node':","        local.testCase_buildApidoc_default = local.testCase_buildApidoc_default || function (","            options,","            onError","        ) {","        /*","         * this function will test buildApidoc's default handling-behavior-behavior","         */","            options = { modulePathList: module.paths };","            local.buildApidoc(options, onError);","        };","","        local.testCase_buildApp_default = local.testCase_buildApp_default || function (","            options,","            onError","        ) {","        /*","         * this function will test buildApp's default handling-behavior-behavior","         */","            local.testCase_buildReadme_default(options, local.onErrorThrow);","            local.testCase_buildLib_default(options, local.onErrorThrow);","            local.testCase_buildTest_default(options, local.onErrorThrow);","            local.testCase_buildCustomOrg_default(options, local.onErrorThrow);","            options = [];","            local.buildApp(options, onError);","        };","","        local.testCase_buildCustomOrg_default = local.testCase_buildCustomOrg_default ||","            function (options, onError) {","            /*","             * this function will test buildCustomOrg's default handling-behavior","             */","                options = {};","                local.buildCustomOrg(options, onError);","            };","","        local.testCase_buildLib_default = local.testCase_buildLib_default || function (","            options,","            onError","        ) {","        /*","         * this function will test buildLib's default handling-behavior","         */","            options = {};","            local.buildLib(options, onError);","        };","","        local.testCase_buildReadme_default = local.testCase_buildReadme_default || function (","            options,","            onError","        ) {","        /*","         * this function will test buildReadme's default handling-behavior-behavior","         */","            options = {};","            local.buildReadme(options, onError);","        };","","        local.testCase_buildTest_default = local.testCase_buildTest_default || function (","            options,","            onError","        ) {","        /*","         * this function will test buildTest's default handling-behavior","         */","            options = {};","            local.buildTest(options, onError);","        };","","        local.testCase_webpage_default = local.testCase_webpage_default || function (","            options,","            onError","        ) {","        /*","         * this function will test webpage's default handling-behavior","         */","            options = { modeCoverageMerge: true, url: local.serverLocalHost + '?modeTest=1' };","            local.browserTest(options, onError);","        };","","        // run test-server","        local.testRunServer(local);","        break;","    }","}());",""],"l":{"12":2,"14":2,"19":2,"21":2,"23":2,"24":2,"25":2,"30":1,"37":2,"40":2,"43":1,"47":1,"50":1,"52":1,"55":2,"61":2,"62":2,"64":2,"70":1,"76":1,"82":2,"83":2,"85":2,"91":1,"98":1,"102":1,"105":1,"112":1,"119":1,"120":1,"123":1,"130":1,"131":1,"132":1,"133":1,"134":1,"135":1,"138":1,"143":2,"144":2,"147":1,"154":2,"155":2,"158":1,"165":2,"166":2,"169":1,"176":2,"177":2,"180":1,"187":1,"188":1,"192":1,"193":1}},"/home/travis/build/npmtest/node-npmtest-swagger-express-middleware/lib.npmtest_swagger_express_middleware.js":{"path":"/home/travis/build/npmtest/node-npmtest-swagger-express-middleware/lib.npmtest_swagger_express_middleware.js","s":{"1":2,"2":2,"3":2,"4":2,"5":2,"6":2,"7":2,"8":1,"9":2,"10":2,"11":2,"12":2,"13":1,"14":1,"15":1,"16":1},"b":{"1":[2,1,1,1],"2":[1,1,1,1],"3":[1,1],"4":[2,2],"5":[1,1]},"f":{"1":2,"2":2,"3":2},"fnMap":{"1":{"name":"(anonymous_1)","line":12,"loc":{"start":{"line":12,"column":1},"end":{"line":12,"column":13}}},"2":{"name":"(anonymous_2)","line":19,"loc":{"start":{"line":19,"column":5},"end":{"line":19,"column":17}}},"3":{"name":"(anonymous_3)","line":23,"loc":{"start":{"line":23,"column":24},"end":{"line":23,"column":36}}}},"statementMap":{"1":{"start":{"line":12,"column":0},"end":{"line":53,"column":5}},"2":{"start":{"line":14,"column":4},"end":{"line":14,"column":14}},"3":{"start":{"line":19,"column":4},"end":{"line":52,"column":9}},"4":{"start":{"line":21,"column":8},"end":{"line":21,"column":19}},"5":{"start":{"line":23,"column":8},"end":{"line":35,"column":13}},"6":{"start":{"line":24,"column":12},"end":{"line":34,"column":13}},"7":{"start":{"line":25,"column":16},"end":{"line":28,"column":30}},"8":{"start":{"line":30,"column":16},"end":{"line":33,"column":27}},"9":{"start":{"line":37,"column":8},"end":{"line":39,"column":21}},"10":{"start":{"line":41,"column":8},"end":{"line":41,"column":54}},"11":{"start":{"line":43,"column":8},"end":{"line":43,"column":71}},"12":{"start":{"line":45,"column":8},"end":{"line":51,"column":9}},"13":{"start":{"line":46,"column":12},"end":{"line":46,"column":77}},"14":{"start":{"line":48,"column":12},"end":{"line":48,"column":35}},"15":{"start":{"line":49,"column":12},"end":{"line":49,"column":49}},"16":{"start":{"line":50,"column":12},"end":{"line":50,"column":43}}},"branchMap":{"1":{"line":25,"type":"binary-expr","locations":[{"start":{"line":25,"column":23},"end":{"line":25,"column":62}},{"start":{"line":26,"column":20},"end":{"line":26,"column":70}},{"start":{"line":27,"column":20},"end":{"line":27,"column":71}},{"start":{"line":28,"column":20},"end":{"line":28,"column":29}}]},"2":{"line":30,"type":"binary-expr","locations":[{"start":{"line":30,"column":23},"end":{"line":30,"column":37}},{"start":{"line":31,"column":20},"end":{"line":31,"column":61}},{"start":{"line":32,"column":20},"end":{"line":32,"column":70}},{"start":{"line":33,"column":20},"end":{"line":33,"column":26}}]},"3":{"line":37,"type":"cond-expr","locations":[{"start":{"line":38,"column":14},"end":{"line":38,"column":20}},{"start":{"line":39,"column":14},"end":{"line":39,"column":20}}]},"4":{"line":41,"type":"binary-expr","locations":[{"start":{"line":41,"column":16},"end":{"line":41,"column":44}},{"start":{"line":41,"column":48},"end":{"line":41,"column":53}}]},"5":{"line":45,"type":"if","locations":[{"start":{"line":45,"column":8},"end":{"line":45,"column":8}},{"start":{"line":45,"column":8},"end":{"line":45,"column":8}}]}},"code":["/* istanbul instrument in package npmtest_swagger_express_middleware */","/*jslint","    bitwise: true,","    browser: true,","    maxerr: 8,","    maxlen: 96,","    node: true,","    nomen: true,","    regexp: true,","    stupid: true","*/","(function () {","    'use strict';","    var local;","","","","    // run shared js-env code - init-before","    (function () {","        // init local","        local = {};","        // init modeJs","        local.modeJs = (function () {","            try {","                return typeof navigator.userAgent === 'string' &&","                    typeof document.querySelector('body') === 'object' &&","                    typeof XMLHttpRequest.prototype.open === 'function' &&","                    'browser';","            } catch (errorCaughtBrowser) {","                return module.exports &&","                    typeof process.versions.node === 'string' &&","                    typeof require('http').createServer === 'function' &&","                    'node';","            }","        }());","        // init global","        local.global = local.modeJs === 'browser'","            ? window","            : global;","        // init utility2_rollup","        local = local.global.utility2_rollup || local;","        // init lib","        local.local = local.npmtest_swagger_express_middleware = local;","        // init exports","        if (local.modeJs === 'browser') {","            local.global.utility2_npmtest_swagger_express_middleware = local;","        } else {","            module.exports = local;","            module.exports.__dirname = __dirname;","            module.exports.module = module;","        }","    }());","}());",""],"l":{"12":2,"14":2,"19":2,"21":2,"23":2,"24":2,"25":2,"30":1,"37":2,"41":2,"43":2,"45":2,"46":1,"48":1,"49":1,"50":1}},"/home/travis/build/npmtest/node-npmtest-swagger-express-middleware/example.js":{"path":"/home/travis/build/npmtest/node-npmtest-swagger-express-middleware/example.js","s":{"1":2,"2":2,"3":2,"4":2,"5":2,"6":2,"7":2,"8":1,"9":2,"10":2,"11":2,"12":2,"13":1,"14":2,"15":2,"16":2,"17":2,"18":2,"19":0,"20":2,"21":1,"22":1,"23":1,"24":1,"25":1,"26":0,"27":0,"28":1,"29":1,"30":2,"31":0,"32":0,"33":0,"34":1,"35":2,"36":2,"37":3,"38":3,"39":3,"40":3,"41":0,"42":3,"43":3,"44":3,"45":1,"46":3,"47":1,"48":1,"49":1,"50":1,"51":1,"52":1,"53":1,"54":1,"55":1,"56":1,"57":0,"58":1,"59":6,"60":6,"61":1,"62":2,"63":0,"64":2,"65":1,"66":1,"67":0,"68":0,"69":0,"70":0,"71":0,"72":0,"73":0,"74":0,"75":0,"76":0,"77":0,"78":0,"79":0,"80":0,"81":0,"82":0,"83":0},"b":{"1":[2,1,1,1],"2":[1,1,1,1],"3":[1,1],"4":[2,2],"5":[1,1],"6":[1,1],"7":[2,0],"8":[2,1,1,1,1,1],"9":[0,2,0],"10":[1,1],"11":[2,1,1],"12":[1,0],"13":[0,2],"14":[2,0,0,0,0,0,0],"15":[0,3],"16":[3,0],"17":[1,1],"18":[0,1],"19":[1,2,0,2],"20":[1,0],"21":[1,1],"22":[0,0],"23":[0,0],"24":[0,0],"25":[0,0],"26":[0,0],"27":[0,0],"28":[0,0]},"f":{"1":2,"2":2,"3":2,"4":2,"5":2,"6":2,"7":3,"8":3,"9":3,"10":1,"11":6,"12":0},"fnMap":{"1":{"name":"(anonymous_1)","line":26,"loc":{"start":{"line":26,"column":1},"end":{"line":26,"column":13}}},"2":{"name":"(anonymous_2)","line":33,"loc":{"start":{"line":33,"column":5},"end":{"line":33,"column":17}}},"3":{"name":"(anonymous_3)","line":37,"loc":{"start":{"line":37,"column":24},"end":{"line":37,"column":36}}},"4":{"name":"(anonymous_4)","line":69,"loc":{"start":{"line":69,"column":31},"end":{"line":69,"column":48}},"skip":true},"5":{"name":"(anonymous_5)","line":78,"loc":{"start":{"line":78,"column":26},"end":{"line":78,"column":45}},"skip":true},"6":{"name":"(anonymous_6)","line":123,"loc":{"start":{"line":123,"column":33},"end":{"line":123,"column":48}},"skip":true},"7":{"name":"(anonymous_7)","line":125,"loc":{"start":{"line":125,"column":27},"end":{"line":125,"column":39}},"skip":true},"8":{"name":"(anonymous_8)","line":133,"loc":{"start":{"line":133,"column":59},"end":{"line":133,"column":74}},"skip":true},"9":{"name":"(anonymous_9)","line":143,"loc":{"start":{"line":143,"column":45},"end":{"line":143,"column":62}},"skip":true},"10":{"name":"(anonymous_10)","line":144,"loc":{"start":{"line":144,"column":73},"end":{"line":144,"column":92}},"skip":true},"11":{"name":"(anonymous_11)","line":272,"loc":{"start":{"line":272,"column":51},"end":{"line":272,"column":77}},"skip":true},"12":{"name":"(anonymous_12)","line":315,"loc":{"start":{"line":315,"column":32},"end":{"line":315,"column":61}},"skip":true}},"statementMap":{"1":{"start":{"line":26,"column":0},"end":{"line":326,"column":5}},"2":{"start":{"line":28,"column":4},"end":{"line":28,"column":14}},"3":{"start":{"line":33,"column":4},"end":{"line":60,"column":9}},"4":{"start":{"line":35,"column":8},"end":{"line":35,"column":19}},"5":{"start":{"line":37,"column":8},"end":{"line":49,"column":13}},"6":{"start":{"line":38,"column":12},"end":{"line":48,"column":13}},"7":{"start":{"line":39,"column":16},"end":{"line":42,"column":30}},"8":{"start":{"line":44,"column":16},"end":{"line":47,"column":27}},"9":{"start":{"line":51,"column":8},"end":{"line":53,"column":21}},"10":{"start":{"line":55,"column":8},"end":{"line":57,"column":45}},"11":{"start":{"line":59,"column":8},"end":{"line":59,"column":35}},"12":{"start":{"line":61,"column":4},"end":{"line":325,"column":5}},"13":{"start":{"line":69,"column":8},"end":{"line":121,"column":10},"skip":true},"14":{"start":{"line":70,"column":12},"end":{"line":88,"column":13},"skip":true},"15":{"start":{"line":76,"column":16},"end":{"line":87,"column":19},"skip":true},"16":{"start":{"line":79,"column":20},"end":{"line":86,"column":21},"skip":true},"17":{"start":{"line":82,"column":24},"end":{"line":82,"column":43},"skip":true},"18":{"start":{"line":83,"column":24},"end":{"line":83,"column":30},"skip":true},"19":{"start":{"line":85,"column":24},"end":{"line":85,"column":49},"skip":true},"20":{"start":{"line":89,"column":12},"end":{"line":107,"column":13},"skip":true},"21":{"start":{"line":92,"column":16},"end":{"line":102,"column":17},"skip":true},"22":{"start":{"line":93,"column":20},"end":{"line":93,"column":86},"skip":true},"23":{"start":{"line":94,"column":20},"end":{"line":95,"column":45},"skip":true},"24":{"start":{"line":96,"column":20},"end":{"line":96,"column":42},"skip":true},"25":{"start":{"line":97,"column":20},"end":{"line":97,"column":48},"skip":true},"26":{"start":{"line":100,"column":20},"end":{"line":100,"column":85},"skip":true},"27":{"start":{"line":101,"column":20},"end":{"line":101,"column":96},"skip":true},"28":{"start":{"line":103,"column":16},"end":{"line":103,"column":22},"skip":true},"29":{"start":{"line":106,"column":16},"end":{"line":106,"column":22},"skip":true},"30":{"start":{"line":108,"column":12},"end":{"line":120,"column":13},"skip":true},"31":{"start":{"line":114,"column":16},"end":{"line":119,"column":17},"skip":true},"32":{"start":{"line":116,"column":20},"end":{"line":116,"column":78},"skip":true},"33":{"start":{"line":118,"column":20},"end":{"line":118,"column":47},"skip":true},"34":{"start":{"line":123,"column":8},"end":{"line":141,"column":11},"skip":true},"35":{"start":{"line":124,"column":12},"end":{"line":124,"column":54},"skip":true},"36":{"start":{"line":125,"column":12},"end":{"line":140,"column":14},"skip":true},"37":{"start":{"line":126,"column":16},"end":{"line":126,"column":28},"skip":true},"38":{"start":{"line":127,"column":16},"end":{"line":127,"column":69},"skip":true},"39":{"start":{"line":128,"column":16},"end":{"line":128,"column":75},"skip":true},"40":{"start":{"line":129,"column":16},"end":{"line":131,"column":17},"skip":true},"41":{"start":{"line":130,"column":20},"end":{"line":130,"column":27},"skip":true},"42":{"start":{"line":133,"column":16},"end":{"line":137,"column":36},"skip":true},"43":{"start":{"line":134,"column":20},"end":{"line":136,"column":55},"skip":true},"44":{"start":{"line":139,"column":16},"end":{"line":139,"column":57},"skip":true},"45":{"start":{"line":143,"column":8},"end":{"line":147,"column":11},"skip":true},"46":{"start":{"line":144,"column":12},"end":{"line":146,"column":15},"skip":true},"47":{"start":{"line":145,"column":16},"end":{"line":145,"column":70},"skip":true},"48":{"start":{"line":149,"column":8},"end":{"line":149,"column":31},"skip":true},"49":{"start":{"line":150,"column":8},"end":{"line":150,"column":14},"skip":true},"50":{"start":{"line":158,"column":8},"end":{"line":158,"column":31},"skip":true},"51":{"start":{"line":160,"column":8},"end":{"line":160,"column":33},"skip":true},"52":{"start":{"line":161,"column":8},"end":{"line":161,"column":37},"skip":true},"53":{"start":{"line":162,"column":8},"end":{"line":162,"column":35},"skip":true},"54":{"start":{"line":164,"column":8},"end":{"line":164,"column":50},"skip":true},"55":{"start":{"line":166,"column":8},"end":{"line":256,"column":2},"skip":true},"56":{"start":{"line":258,"column":8},"end":{"line":286,"column":9},"skip":true},"57":{"start":{"line":259,"column":12},"end":{"line":269,"column":14},"skip":true},"58":{"start":{"line":271,"column":12},"end":{"line":285,"column":19},"skip":true},"59":{"start":{"line":274,"column":20},"end":{"line":274,"column":35},"skip":true},"60":{"start":{"line":275,"column":20},"end":{"line":284,"column":21},"skip":true},"61":{"start":{"line":277,"column":24},"end":{"line":277,"column":64},"skip":true},"62":{"start":{"line":279,"column":24},"end":{"line":279,"column":40},"skip":true},"63":{"start":{"line":281,"column":24},"end":{"line":281,"column":40},"skip":true},"64":{"start":{"line":283,"column":24},"end":{"line":283,"column":39},"skip":true},"65":{"start":{"line":288,"column":8},"end":{"line":290,"column":9},"skip":true},"66":{"start":{"line":289,"column":12},"end":{"line":289,"column":18},"skip":true},"67":{"start":{"line":291,"column":8},"end":{"line":293,"column":54},"skip":true},"68":{"start":{"line":296,"column":8},"end":{"line":301,"column":37},"skip":true},"69":{"start":{"line":303,"column":8},"end":{"line":303,"column":82},"skip":true},"70":{"start":{"line":306,"column":8},"end":{"line":308,"column":9},"skip":true},"71":{"start":{"line":307,"column":12},"end":{"line":307,"column":82},"skip":true},"72":{"start":{"line":310,"column":8},"end":{"line":312,"column":9},"skip":true},"73":{"start":{"line":311,"column":12},"end":{"line":311,"column":18},"skip":true},"74":{"start":{"line":313,"column":8},"end":{"line":313,"column":54},"skip":true},"75":{"start":{"line":314,"column":8},"end":{"line":314,"column":69},"skip":true},"76":{"start":{"line":315,"column":8},"end":{"line":323,"column":36},"skip":true},"77":{"start":{"line":316,"column":12},"end":{"line":316,"column":61},"skip":true},"78":{"start":{"line":317,"column":12},"end":{"line":320,"column":13},"skip":true},"79":{"start":{"line":318,"column":16},"end":{"line":318,"column":75},"skip":true},"80":{"start":{"line":319,"column":16},"end":{"line":319,"column":23},"skip":true},"81":{"start":{"line":321,"column":12},"end":{"line":321,"column":38},"skip":true},"82":{"start":{"line":322,"column":12},"end":{"line":322,"column":27},"skip":true},"83":{"start":{"line":324,"column":8},"end":{"line":324,"column":14},"skip":true}},"branchMap":{"1":{"line":39,"type":"binary-expr","locations":[{"start":{"line":39,"column":23},"end":{"line":39,"column":62}},{"start":{"line":40,"column":20},"end":{"line":40,"column":70}},{"start":{"line":41,"column":20},"end":{"line":41,"column":71}},{"start":{"line":42,"column":20},"end":{"line":42,"column":29}}]},"2":{"line":44,"type":"binary-expr","locations":[{"start":{"line":44,"column":23},"end":{"line":44,"column":37}},{"start":{"line":45,"column":20},"end":{"line":45,"column":61}},{"start":{"line":46,"column":20},"end":{"line":46,"column":70}},{"start":{"line":47,"column":20},"end":{"line":47,"column":26}}]},"3":{"line":51,"type":"cond-expr","locations":[{"start":{"line":52,"column":14},"end":{"line":52,"column":20}},{"start":{"line":53,"column":14},"end":{"line":53,"column":20}}]},"4":{"line":55,"type":"binary-expr","locations":[{"start":{"line":55,"column":16},"end":{"line":55,"column":44}},{"start":{"line":55,"column":49},"end":{"line":57,"column":43}}]},"5":{"line":55,"type":"cond-expr","locations":[{"start":{"line":56,"column":14},"end":{"line":56,"column":70}},{"start":{"line":57,"column":14},"end":{"line":57,"column":43}}]},"6":{"line":61,"type":"switch","locations":[{"start":{"line":68,"column":4},"end":{"line":150,"column":14},"skip":true},{"start":{"line":156,"column":4},"end":{"line":324,"column":14},"skip":true}]},"7":{"line":70,"type":"if","locations":[{"start":{"line":70,"column":12},"end":{"line":70,"column":12},"skip":true},{"start":{"line":70,"column":12},"end":{"line":70,"column":12},"skip":true}]},"8":{"line":70,"type":"binary-expr","locations":[{"start":{"line":70,"column":16},"end":{"line":70,"column":22},"skip":true},{"start":{"line":70,"column":27},"end":{"line":70,"column":32},"skip":true},{"start":{"line":71,"column":20},"end":{"line":71,"column":39},"skip":true},{"start":{"line":72,"column":20},"end":{"line":72,"column":49},"skip":true},{"start":{"line":73,"column":20},"end":{"line":73,"column":58},"skip":true},{"start":{"line":74,"column":20},"end":{"line":74,"column":69},"skip":true}]},"9":{"line":79,"type":"switch","locations":[{"start":{"line":80,"column":20},"end":{"line":80,"column":33},"skip":true},{"start":{"line":81,"column":20},"end":{"line":83,"column":30},"skip":true},{"start":{"line":84,"column":20},"end":{"line":85,"column":49},"skip":true}]},"10":{"line":89,"type":"switch","locations":[{"start":{"line":90,"column":12},"end":{"line":103,"column":22},"skip":true},{"start":{"line":105,"column":12},"end":{"line":106,"column":22},"skip":true}]},"11":{"line":89,"type":"binary-expr","locations":[{"start":{"line":89,"column":20},"end":{"line":89,"column":25},"skip":true},{"start":{"line":89,"column":29},"end":{"line":89,"column":48},"skip":true},{"start":{"line":89,"column":52},"end":{"line":89,"column":74},"skip":true}]},"12":{"line":92,"type":"if","locations":[{"start":{"line":92,"column":16},"end":{"line":92,"column":16},"skip":true},{"start":{"line":92,"column":16},"end":{"line":92,"column":16},"skip":true}]},"13":{"line":108,"type":"if","locations":[{"start":{"line":108,"column":12},"end":{"line":108,"column":12},"skip":true},{"start":{"line":108,"column":12},"end":{"line":108,"column":12},"skip":true}]},"14":{"line":108,"type":"binary-expr","locations":[{"start":{"line":108,"column":16},"end":{"line":108,"column":61},"skip":true},{"start":{"line":108,"column":66},"end":{"line":108,"column":72},"skip":true},{"start":{"line":108,"column":77},"end":{"line":108,"column":82},"skip":true},{"start":{"line":109,"column":20},"end":{"line":109,"column":39},"skip":true},{"start":{"line":110,"column":20},"end":{"line":110,"column":49},"skip":true},{"start":{"line":111,"column":20},"end":{"line":111,"column":58},"skip":true},{"start":{"line":112,"column":20},"end":{"line":112,"column":68},"skip":true}]},"15":{"line":129,"type":"if","locations":[{"start":{"line":129,"column":16},"end":{"line":129,"column":16},"skip":true},{"start":{"line":129,"column":16},"end":{"line":129,"column":16},"skip":true}]},"16":{"line":134,"type":"cond-expr","locations":[{"start":{"line":135,"column":26},"end":{"line":135,"column":29},"skip":true},{"start":{"line":136,"column":26},"end":{"line":136,"column":54},"skip":true}]},"17":{"line":164,"type":"binary-expr","locations":[{"start":{"line":164,"column":27},"end":{"line":164,"column":43},"skip":true},{"start":{"line":164,"column":47},"end":{"line":164,"column":49},"skip":true}]},"18":{"line":258,"type":"if","locations":[{"start":{"line":258,"column":8},"end":{"line":258,"column":8},"skip":true},{"start":{"line":258,"column":8},"end":{"line":258,"column":8},"skip":true}]},"19":{"line":275,"type":"switch","locations":[{"start":{"line":276,"column":20},"end":{"line":277,"column":64},"skip":true},{"start":{"line":278,"column":20},"end":{"line":279,"column":40},"skip":true},{"start":{"line":280,"column":20},"end":{"line":281,"column":40},"skip":true},{"start":{"line":282,"column":20},"end":{"line":283,"column":39},"skip":true}]},"20":{"line":288,"type":"if","locations":[{"start":{"line":288,"column":8},"end":{"line":288,"column":8},"skip":true},{"start":{"line":288,"column":8},"end":{"line":288,"column":8},"skip":true}]},"21":{"line":288,"type":"binary-expr","locations":[{"start":{"line":288,"column":12},"end":{"line":288,"column":40},"skip":true},{"start":{"line":288,"column":44},"end":{"line":288,"column":67},"skip":true}]},"22":{"line":292,"type":"binary-expr","locations":[{"start":{"line":292,"column":12},"end":{"line":292,"column":50},"skip":true},{"start":{"line":293,"column":12},"end":{"line":293,"column":53},"skip":true}]},"23":{"line":297,"type":"binary-expr","locations":[{"start":{"line":297,"column":12},"end":{"line":297,"column":84},"skip":true},{"start":{"line":298,"column":12},"end":{"line":301,"column":36},"skip":true}]},"24":{"line":303,"type":"binary-expr","locations":[{"start":{"line":303,"column":43},"end":{"line":303,"column":75},"skip":true},{"start":{"line":303,"column":79},"end":{"line":303,"column":81},"skip":true}]},"25":{"line":306,"type":"if","locations":[{"start":{"line":306,"column":8},"end":{"line":306,"column":8},"skip":true},{"start":{"line":306,"column":8},"end":{"line":306,"column":8},"skip":true}]},"26":{"line":310,"type":"if","locations":[{"start":{"line":310,"column":8},"end":{"line":310,"column":8},"skip":true},{"start":{"line":310,"column":8},"end":{"line":310,"column":8},"skip":true}]},"27":{"line":313,"type":"binary-expr","locations":[{"start":{"line":313,"column":27},"end":{"line":313,"column":43},"skip":true},{"start":{"line":313,"column":47},"end":{"line":313,"column":53},"skip":true}]},"28":{"line":317,"type":"if","locations":[{"start":{"line":317,"column":12},"end":{"line":317,"column":12},"skip":true},{"start":{"line":317,"column":12},"end":{"line":317,"column":12},"skip":true}]}},"code":["/*","example.js","","quickstart example","","instruction","    1. save this script as example.js","    2. run the shell command:","        $ npm install npmtest-swagger-express-middleware && PORT=8081 node example.js","    3. play with the browser-demo on http://127.0.0.1:8081","*/","","","","/* istanbul instrument in package npmtest_swagger_express_middleware */","/*jslint","    bitwise: true,","    browser: true,","    maxerr: 8,","    maxlen: 96,","    node: true,","    nomen: true,","    regexp: true,","    stupid: true","*/","(function () {","    'use strict';","    var local;","","","","    // run shared js-env code - init-before","    (function () {","        // init local","        local = {};","        // init modeJs","        local.modeJs = (function () {","            try {","                return typeof navigator.userAgent === 'string' &&","                    typeof document.querySelector('body') === 'object' &&","                    typeof XMLHttpRequest.prototype.open === 'function' &&","                    'browser';","            } catch (errorCaughtBrowser) {","                return module.exports &&","                    typeof process.versions.node === 'string' &&","                    typeof require('http').createServer === 'function' &&","                    'node';","            }","        }());","        // init global","        local.global = local.modeJs === 'browser'","            ? window","            : global;","        // init utility2_rollup","        local = local.global.utility2_rollup || (local.modeJs === 'browser'","            ? local.global.utility2_npmtest_swagger_express_middleware","            : global.utility2_moduleExports);","        // export local","        local.global.local = local;","    }());","    switch (local.modeJs) {","","","","    // init-after","    // run browser js-env code - init-after","    /* istanbul ignore next */","    case 'browser':","        local.testRunBrowser = function (event) {","            if (!event || (event &&","                    event.currentTarget &&","                    event.currentTarget.className &&","                    event.currentTarget.className.includes &&","                    event.currentTarget.className.includes('onreset'))) {","                // reset output","                Array.from(","                    document.querySelectorAll('body > .resettable')","                ).forEach(function (element) {","                    switch (element.tagName) {","                    case 'INPUT':","                    case 'TEXTAREA':","                        element.value = '';","                        break;","                    default:","                        element.textContent = '';","                    }","                });","            }","            switch (event && event.currentTarget && event.currentTarget.id) {","            case 'testRunButton1':","                // show tests","                if (document.querySelector('#testReportDiv1').style.display === 'none') {","                    document.querySelector('#testReportDiv1').style.display = 'block';","                    document.querySelector('#testRunButton1').textContent =","                        'hide internal test';","                    local.modeTest = true;","                    local.testRunDefault(local);","                // hide tests","                } else {","                    document.querySelector('#testReportDiv1').style.display = 'none';","                    document.querySelector('#testRunButton1').textContent = 'run internal test';","                }","                break;","            // custom-case","            default:","                break;","            }","            if (document.querySelector('#inputTextareaEval1') && (!event || (event &&","                    event.currentTarget &&","                    event.currentTarget.className &&","                    event.currentTarget.className.includes &&","                    event.currentTarget.className.includes('oneval')))) {","                // try to eval input-code","                try {","                    /*jslint evil: true*/","                    eval(document.querySelector('#inputTextareaEval1').value);","                } catch (errorCaught) {","                    console.error(errorCaught);","                }","            }","        };","        // log stderr and stdout to #outputTextareaStdout1","        ['error', 'log'].forEach(function (key) {","            console[key + '_original'] = console[key];","            console[key] = function () {","                var element;","                console[key + '_original'].apply(console, arguments);","                element = document.querySelector('#outputTextareaStdout1');","                if (!element) {","                    return;","                }","                // append text to #outputTextareaStdout1","                element.value += Array.from(arguments).map(function (arg) {","                    return typeof arg === 'string'","                        ? arg","                        : JSON.stringify(arg, null, 4);","                }).join(' ') + '\\n';","                // scroll textarea to bottom","                element.scrollTop = element.scrollHeight;","            };","        });","        // init event-handling","        ['change', 'click', 'keyup'].forEach(function (event) {","            Array.from(document.querySelectorAll('.on' + event)).forEach(function (element) {","                element.addEventListener(event, local.testRunBrowser);","            });","        });","        // run tests","        local.testRunBrowser();","        break;","","","","    // run node js-env code - init-after","    /* istanbul ignore next */","    case 'node':","        // export local","        module.exports = local;","        // require modules","        local.fs = require('fs');","        local.http = require('http');","        local.url = require('url');","        // init assets","        local.assetsDict = local.assetsDict || {};","        /* jslint-ignore-begin */","        local.assetsDict['/assets.index.template.html'] = '\\","<!doctype html>\\n\\","<html lang=\"en\">\\n\\","<head>\\n\\","<meta charset=\"UTF-8\">\\n\\","<meta name=\"viewport\" content=\"width=device-width, initial-scale=1\">\\n\\","<title>{{env.npm_package_name}} (v{{env.npm_package_version}})</title>\\n\\","<style>\\n\\","/*csslint\\n\\","    box-sizing: false,\\n\\","    universal-selector: false\\n\\","*/\\n\\","* {\\n\\","    box-sizing: border-box;\\n\\","}\\n\\","body {\\n\\","    background: #dde;\\n\\","    font-family: Arial, Helvetica, sans-serif;\\n\\","    margin: 2rem;\\n\\","}\\n\\","body > * {\\n\\","    margin-bottom: 1rem;\\n\\","}\\n\\",".utility2FooterDiv {\\n\\","    margin-top: 20px;\\n\\","    text-align: center;\\n\\","}\\n\\","</style>\\n\\","<style>\\n\\","/*csslint\\n\\","*/\\n\\","textarea {\\n\\","    font-family: monospace;\\n\\","    height: 10rem;\\n\\","    width: 100%;\\n\\","}\\n\\","textarea[readonly] {\\n\\","    background: #ddd;\\n\\","}\\n\\","</style>\\n\\","</head>\\n\\","<body>\\n\\","<!-- utility2-comment\\n\\","<div id=\"ajaxProgressDiv1\" style=\"background: #d00; height: 2px; left: 0; margin: 0; padding: 0; position: fixed; top: 0; transition: background 0.5s, width 1.5s; width: 25%;\"></div>\\n\\","utility2-comment -->\\n\\","<h1>\\n\\","<!-- utility2-comment\\n\\","    <a\\n\\","        {{#if env.npm_package_homepage}}\\n\\","        href=\"{{env.npm_package_homepage}}\"\\n\\","        {{/if env.npm_package_homepage}}\\n\\","        target=\"_blank\"\\n\\","    >\\n\\","utility2-comment -->\\n\\","        {{env.npm_package_name}} (v{{env.npm_package_version}})\\n\\","<!-- utility2-comment\\n\\","    </a>\\n\\","utility2-comment -->\\n\\","</h1>\\n\\","<h3>{{env.npm_package_description}}</h3>\\n\\","<!-- utility2-comment\\n\\","<h4><a download href=\"assets.app.js\">download standalone app</a></h4>\\n\\","<button class=\"onclick onreset\" id=\"testRunButton1\">run internal test</button><br>\\n\\","<div id=\"testReportDiv1\" style=\"display: none;\"></div>\\n\\","utility2-comment -->\\n\\","\\n\\","\\n\\","\\n\\","<label>stderr and stdout</label>\\n\\","<textarea class=\"resettable\" id=\"outputTextareaStdout1\" readonly></textarea>\\n\\","<!-- utility2-comment\\n\\","{{#if isRollup}}\\n\\","<script src=\"assets.app.js\"></script>\\n\\","{{#unless isRollup}}\\n\\","utility2-comment -->\\n\\","<script src=\"assets.utility2.rollup.js\"></script>\\n\\","<script src=\"jsonp.utility2._stateInit?callback=window.utility2._stateInit\"></script>\\n\\","<script src=\"assets.npmtest_swagger_express_middleware.rollup.js\"></script>\\n\\","<script src=\"assets.example.js\"></script>\\n\\","<script src=\"assets.test.js\"></script>\\n\\","<!-- utility2-comment\\n\\","{{/if isRollup}}\\n\\","utility2-comment -->\\n\\","<div class=\"utility2FooterDiv\">\\n\\","    [ this app was created with\\n\\","    <a href=\"https://github.com/kaizhu256/node-utility2\" target=\"_blank\">utility2</a>\\n\\","    ]\\n\\","</div>\\n\\","</body>\\n\\","</html>\\n\\","';","        /* jslint-ignore-end */","        if (local.templateRender) {","            local.assetsDict['/'] = local.templateRender(","                local.assetsDict['/assets.index.template.html'],","                {","                    env: local.objectSetDefault(local.env, {","                        npm_package_description: 'the greatest app in the world!',","                        npm_package_name: 'my-app',","                        npm_package_nameAlias: 'my_app',","                        npm_package_version: '0.0.1'","                    })","                }","            );","        } else {","            local.assetsDict['/'] = local.assetsDict['/assets.index.template.html']","                .replace((/\\{\\{env\\.(\\w+?)\\}\\}/g), function (match0, match1) {","                    // jslint-hack","                    String(match0);","                    switch (match1) {","                    case 'npm_package_description':","                        return 'the greatest app in the world!';","                    case 'npm_package_name':","                        return 'my-app';","                    case 'npm_package_nameAlias':","                        return 'my_app';","                    case 'npm_package_version':","                        return '0.0.1';","                    }","                });","        }","        // run the cli","        if (local.global.utility2_rollup || module !== require.main) {","            break;","        }","        local.assetsDict['/assets.example.js'] =","            local.assetsDict['/assets.example.js'] ||","            local.fs.readFileSync(__filename, 'utf8');","        // bug-workaround - long $npm_package_buildCustomOrg","        /* jslint-ignore-begin */","        local.assetsDict['/assets.npmtest_swagger_express_middleware.rollup.js'] =","            local.assetsDict['/assets.npmtest_swagger_express_middleware.rollup.js'] ||","            local.fs.readFileSync(","                local.npmtest_swagger_express_middleware.__dirname + '/lib.npmtest_swagger_express_middleware.js',","                'utf8'","            ).replace((/^#!/), '//');","        /* jslint-ignore-end */","        local.assetsDict['/favicon.ico'] = local.assetsDict['/favicon.ico'] || '';","        // if $npm_config_timeout_exit exists,","        // then exit this process after $npm_config_timeout_exit ms","        if (Number(process.env.npm_config_timeout_exit)) {","            setTimeout(process.exit, Number(process.env.npm_config_timeout_exit));","        }","        // start server","        if (local.global.utility2_serverHttp1) {","            break;","        }","        process.env.PORT = process.env.PORT || '8081';","        console.error('server starting on port ' + process.env.PORT);","        local.http.createServer(function (request, response) {","            request.urlParsed = local.url.parse(request.url);","            if (local.assetsDict[request.urlParsed.pathname] !== undefined) {","                response.end(local.assetsDict[request.urlParsed.pathname]);","                return;","            }","            response.statusCode = 404;","            response.end();","        }).listen(process.env.PORT);","        break;","    }","}());",""],"l":{"26":2,"28":2,"33":2,"35":2,"37":2,"38":2,"39":2,"44":1,"51":2,"55":2,"59":2,"61":2,"69":1,"70":2,"76":2,"79":2,"82":2,"83":2,"85":1,"89":2,"92":1,"93":1,"94":1,"96":1,"97":1,"100":1,"101":1,"103":1,"106":1,"108":2,"114":1,"116":1,"118":1,"123":1,"124":2,"125":2,"126":3,"127":3,"128":3,"129":3,"130":1,"133":3,"134":3,"139":3,"143":1,"144":3,"145":1,"149":1,"150":1,"158":1,"160":1,"161":1,"162":1,"164":1,"166":1,"258":1,"259":1,"271":1,"274":6,"275":6,"277":1,"279":2,"281":1,"283":2,"288":1,"289":1,"291":1,"296":1,"303":1,"306":1,"307":1,"310":1,"311":1,"313":1,"314":1,"315":1,"316":1,"317":1,"318":1,"319":1,"321":1,"322":1,"324":1}},"/home/travis/build/npmtest/node-npmtest-swagger-express-middleware/node_modules/swagger-express-middleware/lib/index.js":{"path":"/home/travis/build/npmtest/node-npmtest-swagger-express-middleware/node_modules/swagger-express-middleware/lib/index.js","s":{"1":1,"2":1,"3":1,"4":1,"5":1,"6":1,"7":1,"8":1,"9":1,"10":0,"11":0,"12":1,"13":0,"14":0,"15":1,"16":1,"17":1,"18":1},"b":{"1":[0,1],"2":[0,1],"3":[1,0]},"f":{"1":1},"fnMap":{"1":{"name":"createMiddleware","line":30,"loc":{"start":{"line":30,"column":0},"end":{"line":30,"column":53}}}},"statementMap":{"1":{"start":{"line":3,"column":0},"end":{"line":3,"column":34}},"2":{"start":{"line":4,"column":0},"end":{"line":4,"column":52}},"3":{"start":{"line":5,"column":0},"end":{"line":5,"column":59}},"4":{"start":{"line":6,"column":0},"end":{"line":6,"column":51}},"5":{"start":{"line":7,"column":0},"end":{"line":7,"column":75}},"6":{"start":{"line":8,"column":0},"end":{"line":8,"column":71}},"7":{"start":{"line":10,"column":0},"end":{"line":10,"column":37}},"8":{"start":{"line":30,"column":0},"end":{"line":48,"column":1}},"9":{"start":{"line":32,"column":2},"end":{"line":39,"column":3}},"10":{"start":{"line":33,"column":4},"end":{"line":33,"column":21}},"11":{"start":{"line":34,"column":4},"end":{"line":34,"column":35}},"12":{"start":{"line":36,"column":7},"end":{"line":39,"column":3}},"13":{"start":{"line":37,"column":4},"end":{"line":37,"column":22}},"14":{"start":{"line":38,"column":4},"end":{"line":38,"column":23}},"15":{"start":{"line":41,"column":2},"end":{"line":41,"column":57}},"16":{"start":{"line":43,"column":2},"end":{"line":45,"column":3}},"17":{"start":{"line":44,"column":4},"end":{"line":44,"column":39}},"18":{"start":{"line":47,"column":2},"end":{"line":47,"column":20}}},"branchMap":{"1":{"line":32,"type":"if","locations":[{"start":{"line":32,"column":2},"end":{"line":32,"column":2}},{"start":{"line":32,"column":2},"end":{"line":32,"column":2}}]},"2":{"line":36,"type":"if","locations":[{"start":{"line":36,"column":7},"end":{"line":36,"column":7}},{"start":{"line":36,"column":7},"end":{"line":36,"column":7}}]},"3":{"line":43,"type":"if","locations":[{"start":{"line":43,"column":2},"end":{"line":43,"column":2}},{"start":{"line":43,"column":2},"end":{"line":43,"column":2}}]}},"code":["'use strict';","","module.exports = createMiddleware;","module.exports.Middleware = require('./middleware');","module.exports.Resource = require('./data-store/resource');","module.exports.DataStore = require('./data-store');","module.exports.MemoryDataStore = require('./data-store/memory-data-store');","module.exports.FileDataStore = require('./data-store/file-data-store');","","var util = require('./helpers/util');","","/**"," * Creates Express middleware for the given Swagger API."," *"," * @param   {string|object}     [swagger]"," * The file path or URL of a Swagger 2.0 API spec, in YAML or JSON format."," * Or a valid Swagger API object (see https://github.com/swagger-api/swagger-spec/blob/master/versions/2.0.md#swagger-object)."," *"," * @param   {express#Router}    [router]"," * An Express Application or Router that will be used to determine settings (such as case-sensitivity and strict routing)"," * and to register path-parsing middleware."," *"," * @param   {function}          [callback]"," * It will be called when the API has been parsed, validated, and dereferenced, or when an error occurs."," *"," * @returns {Middleware}"," * The {@link Middleware} object is returned immediately, but it isn't ready to handle requests until"," * the callback function is called.  The same {@link Middleware} object will be passed to the callback function."," */","function createMiddleware(swagger, router, callback) {","  // Shift args if needed","  if (util.isExpressRouter(swagger)) {","    router = swagger;","    swagger = callback = undefined;","  }","  else if (!util.isExpressRouter(router)) {","    callback = router;","    router = undefined;","  }","","  var middleware = new module.exports.Middleware(router);","","  if (swagger) {","    middleware.init(swagger, callback);","  }","","  return middleware;","}",""],"l":{"3":1,"4":1,"5":1,"6":1,"7":1,"8":1,"10":1,"30":1,"32":1,"33":0,"34":0,"36":1,"37":0,"38":0,"41":1,"43":1,"44":1,"47":1}},"/home/travis/build/npmtest/node-npmtest-swagger-express-middleware/node_modules/swagger-express-middleware/lib/middleware.js":{"path":"/home/travis/build/npmtest/node-npmtest-swagger-express-middleware/node_modules/swagger-express-middleware/lib/middleware.js","s":{"1":1,"2":1,"3":1,"4":2,"5":2,"6":2,"7":2,"8":2,"9":2,"10":2,"11":2,"12":2,"13":2,"14":2,"15":2,"16":2,"17":2,"18":2,"19":0,"20":0,"21":2,"22":2,"23":2,"24":2,"25":2,"26":2,"27":2,"28":1,"29":1,"30":2,"31":2,"32":2,"33":2,"34":2,"35":1,"36":1,"37":2},"b":{"1":[2,0],"2":[2,0],"3":[2,0],"4":[0,2],"5":[2,0,0],"6":[1,1],"7":[2,1,1],"8":[1,1],"9":[2,1]},"f":{"1":2,"2":2,"3":2,"4":2,"5":2,"6":2,"7":2,"8":2,"9":2},"fnMap":{"1":{"name":"Middleware","line":29,"loc":{"start":{"line":29,"column":0},"end":{"line":29,"column":34}}},"2":{"name":"(anonymous_2)","line":46,"loc":{"start":{"line":46,"column":14},"end":{"line":46,"column":42}}},"3":{"name":"(anonymous_3)","line":47,"loc":{"start":{"line":47,"column":33},"end":{"line":47,"column":62}}},"4":{"name":"(anonymous_4)","line":76,"loc":{"start":{"line":76,"column":15},"end":{"line":76,"column":41}}},"5":{"name":"(anonymous_5)","line":96,"loc":{"start":{"line":96,"column":18},"end":{"line":96,"column":35}}},"6":{"name":"(anonymous_6)","line":106,"loc":{"start":{"line":106,"column":14},"end":{"line":106,"column":25}}},"7":{"name":"(anonymous_7)","line":125,"loc":{"start":{"line":125,"column":22},"end":{"line":125,"column":48}}},"8":{"name":"(anonymous_8)","line":143,"loc":{"start":{"line":143,"column":25},"end":{"line":143,"column":36}}},"9":{"name":"(anonymous_9)","line":161,"loc":{"start":{"line":161,"column":14},"end":{"line":161,"column":42}}}},"statementMap":{"1":{"start":{"line":3,"column":0},"end":{"line":3,"column":28}},"2":{"start":{"line":5,"column":0},"end":{"line":17,"column":42}},"3":{"start":{"line":29,"column":0},"end":{"line":171,"column":1}},"4":{"start":{"line":30,"column":2},"end":{"line":30,"column":79}},"5":{"start":{"line":32,"column":2},"end":{"line":32,"column":18}},"6":{"start":{"line":33,"column":2},"end":{"line":33,"column":52}},"7":{"start":{"line":46,"column":2},"end":{"line":61,"column":4}},"8":{"start":{"line":47,"column":4},"end":{"line":60,"column":7}},"9":{"start":{"line":48,"column":6},"end":{"line":50,"column":7}},"10":{"start":{"line":49,"column":8},"end":{"line":49,"column":23}},"11":{"start":{"line":52,"column":6},"end":{"line":52,"column":26}},"12":{"start":{"line":53,"column":6},"end":{"line":53,"column":24}},"13":{"start":{"line":54,"column":6},"end":{"line":54,"column":34}},"14":{"start":{"line":55,"column":6},"end":{"line":55,"column":29}},"15":{"start":{"line":57,"column":6},"end":{"line":59,"column":7}},"16":{"start":{"line":58,"column":8},"end":{"line":58,"column":43}},"17":{"start":{"line":76,"column":2},"end":{"line":84,"column":4}},"18":{"start":{"line":77,"column":4},"end":{"line":81,"column":5}},"19":{"start":{"line":79,"column":6},"end":{"line":79,"column":23}},"20":{"start":{"line":80,"column":6},"end":{"line":80,"column":28}},"21":{"start":{"line":83,"column":4},"end":{"line":83,"column":48}},"22":{"start":{"line":96,"column":2},"end":{"line":98,"column":4}},"23":{"start":{"line":97,"column":4},"end":{"line":97,"column":44}},"24":{"start":{"line":106,"column":2},"end":{"line":108,"column":4}},"25":{"start":{"line":107,"column":4},"end":{"line":107,"column":18}},"26":{"start":{"line":125,"column":2},"end":{"line":135,"column":4}},"27":{"start":{"line":126,"column":4},"end":{"line":130,"column":5}},"28":{"start":{"line":128,"column":6},"end":{"line":128,"column":23}},"29":{"start":{"line":129,"column":6},"end":{"line":129,"column":28}},"30":{"start":{"line":132,"column":4},"end":{"line":134,"column":43}},"31":{"start":{"line":143,"column":2},"end":{"line":145,"column":4}},"32":{"start":{"line":144,"column":4},"end":{"line":144,"column":37}},"33":{"start":{"line":161,"column":2},"end":{"line":170,"column":4}},"34":{"start":{"line":162,"column":4},"end":{"line":167,"column":5}},"35":{"start":{"line":165,"column":6},"end":{"line":165,"column":25}},"36":{"start":{"line":166,"column":6},"end":{"line":166,"column":25}},"37":{"start":{"line":169,"column":4},"end":{"line":169,"column":44}}},"branchMap":{"1":{"line":30,"type":"cond-expr","locations":[{"start":{"line":30,"column":54},"end":{"line":30,"column":66}},{"start":{"line":30,"column":69},"end":{"line":30,"column":78}}]},"2":{"line":48,"type":"if","locations":[{"start":{"line":48,"column":6},"end":{"line":48,"column":6}},{"start":{"line":48,"column":6},"end":{"line":48,"column":6}}]},"3":{"line":57,"type":"if","locations":[{"start":{"line":57,"column":6},"end":{"line":57,"column":6}},{"start":{"line":57,"column":6},"end":{"line":57,"column":6}}]},"4":{"line":77,"type":"if","locations":[{"start":{"line":77,"column":4},"end":{"line":77,"column":4}},{"start":{"line":77,"column":4},"end":{"line":77,"column":4}}]},"5":{"line":77,"type":"binary-expr","locations":[{"start":{"line":77,"column":8},"end":{"line":77,"column":30}},{"start":{"line":77,"column":34},"end":{"line":77,"column":63}},{"start":{"line":77,"column":67},"end":{"line":77,"column":104}}]},"6":{"line":126,"type":"if","locations":[{"start":{"line":126,"column":4},"end":{"line":126,"column":4}},{"start":{"line":126,"column":4},"end":{"line":126,"column":4}}]},"7":{"line":126,"type":"binary-expr","locations":[{"start":{"line":126,"column":8},"end":{"line":126,"column":30}},{"start":{"line":126,"column":34},"end":{"line":126,"column":63}},{"start":{"line":126,"column":67},"end":{"line":126,"column":104}}]},"8":{"line":162,"type":"if","locations":[{"start":{"line":162,"column":4},"end":{"line":162,"column":4}},{"start":{"line":162,"column":4},"end":{"line":162,"column":4}}]},"9":{"line":162,"type":"binary-expr","locations":[{"start":{"line":162,"column":8},"end":{"line":162,"column":30}},{"start":{"line":163,"column":6},"end":{"line":163,"column":33}}]}},"code":["'use strict';","","module.exports = Middleware;","","var _                 = require('lodash'),","    swaggerParser     = require('swagger-parser'),","    util              = require('./helpers/util'),","    MiddlewareContext = require('./context'),","    DataStore         = require('./data-store'),","    requestMetadata   = require('./request-metadata'),","    fileServer        = require('./file-server'),","    CORS              = require('./cors'),","    requestParser     = require('./request-parser'),","    paramParser       = require('./param-parser'),","    pathParser        = require('./path-parser'),","    requestValidator  = require('./request-validator'),","    mock              = require('./mock');","","/**"," * Express middleware for the given Swagger API."," *"," * @param   {express#Router}    [sharedRouter]"," * An Express Application or Router. If provided, this will be used to determine routing settings"," * (case sensitivity, strictness), and to register path-param middleware via {@link Router#param}"," * (see http://expressjs.com/4x/api.html#router.param)."," *"," * @constructor"," */","function Middleware(sharedRouter) {","  sharedRouter = util.isExpressRouter(sharedRouter) ? sharedRouter : undefined;","","  var self = this;","  var context = new MiddlewareContext(sharedRouter);","","  /**","   * Initializes the middleware with the given Swagger API.","   * This method can be called again to re-initialize with a new or modified API.","   *","   * @param   {string|object}     [swagger]","   * The file path or URL of a Swagger 2.0 API spec, in YAML or JSON format.","   * Or a valid Swagger API object (see https://github.com/swagger-api/swagger-spec/blob/master/versions/2.0.md#swagger-object).","   *","   * @param   {function}          [callback]","   * It will be called when the API has been parsed, validated, and dereferenced, or when an error occurs.","   */","  this.init = function(swagger, callback) {","    swaggerParser.parse(swagger, function(err, api, metadata) {","      if (err) {","        util.warn(err);","      }","","      context.error = err;","      context.api = api;","      context.metadata = metadata;","      context.emit('change');","","      if (_.isFunction(callback)) {","        callback(err, self, api, metadata);","      }","    });","  };","","  /**","   * Serves the Swagger API file(s) in JSON and YAML formats,","   * so they can be used with third-party front-end tools like Swagger UI and Swagger Editor.","   *","   * @param   {express#Router}    [router]","   * Express routing options (e.g. `caseSensitive`, `strict`).","   * If an Express Application or Router is passed, then its routing settings will be used.","   *","   * @param   {fileServer.defaultOptions}  [options]","   * Options for how the files are served (see {@link fileServer.defaultOptions})","   *","   * @returns {function[]}","   */","  this.files = function(router, options) {","    if (arguments.length === 1 && !util.isExpressRouter(router) && !util.isExpressRoutingOptions(router)) {","      // Shift arguments","      options = router;","      router = sharedRouter;","    }","","    return fileServer(context, router, options);","  };","","  /**","   * Annotates the HTTP request (the `req` object) with Swagger metadata.","   * This middleware populates {@link Request#swagger}.","   *","   * @param   {express#Router}    [router]","   * Express routing options (e.g. `caseSensitive`, `strict`).","   * If an Express Application or Router is passed, then its routing settings will be used.","   *","   * @returns {function[]}","   */","  this.metadata = function(router) {","    return requestMetadata(context, router);","  };","","  /**","   * Handles CORS preflight requests and sets CORS headers for all requests","   * according the Swagger API definition.","   *","   * @returns {function[]}","   */","  this.CORS = function() {","    return CORS();","  };","","  /**","   * Parses the HTTP request into typed values.","   * This middleware populates {@link Request#params}, {@link Request#headers}, {@link Request#cookies},","   * {@link Request#signedCookies}, {@link Request#query}, {@link Request#body}, and {@link Request#files}.","   *","   * @param   {express#Router}    [router]","   * An Express Application or Router. If provided, this will be used to register path-param middleware","   * via {@link Router#param} (see http://expressjs.com/4x/api.html#router.param).","   * If not provided, then path parameters will always be parsed as strings.","   *","   * @param   {requestParser.defaultOptions}  [options]","   * Options for each of the request-parsing middleware (see {@link requestParser.defaultOptions})","   *","   * @returns {function[]}","   */","  this.parseRequest = function(router, options) {","    if (arguments.length === 1 && !util.isExpressRouter(router) && !util.isExpressRoutingOptions(router)) {","      // Shift arguments","      options = router;","      router = sharedRouter;","    }","","    return requestParser(options)","      .concat(paramParser())","      .concat(pathParser(context, router));","  };","","  /**","   * Validates the HTTP request against the Swagger API.","   * An error is sent downstream if the request is invalid for any reason.","   *","   * @returns {function[]}","   */","  this.validateRequest = function() {","    return requestValidator(context);","  };","","  /**","   * Implements mock behavior for HTTP requests, based on the Swagger API.","   *","   * @param   {express#Router}    [router]","   * Express routing options (e.g. `caseSensitive`, `strict`).","   * If an Express Application or Router is passed, then its routing settings will be used.","   *","   * @param   {DataStore}         [dataStore]","   * The data store that will be used to persist REST resources.","   * If `router` is an Express Application, then you can set/get the data store","   * using `router.get(\"mock data store\")`.","   *","   * @returns {function[]}","   */","  this.mock = function(router, dataStore) {","    if (arguments.length === 1 &&","      router instanceof DataStore) {","      // Shift arguments","      dataStore = router;","      router = undefined;","    }","","    return mock(context, router, dataStore);","  };","}",""],"l":{"3":1,"5":1,"29":1,"30":2,"32":2,"33":2,"46":2,"47":2,"48":2,"49":2,"52":2,"53":2,"54":2,"55":2,"57":2,"58":2,"76":2,"77":2,"79":0,"80":0,"83":2,"96":2,"97":2,"106":2,"107":2,"125":2,"126":2,"128":1,"129":1,"132":2,"143":2,"144":2,"161":2,"162":2,"165":1,"166":1,"169":2}},"/home/travis/build/npmtest/node-npmtest-swagger-express-middleware/node_modules/swagger-express-middleware/lib/helpers/util.js":{"path":"/home/travis/build/npmtest/node-npmtest-swagger-express-middleware/node_modules/swagger-express-middleware/lib/helpers/util.js","s":{"1":1,"2":1,"3":2,"4":2,"5":0,"6":2,"7":0,"8":2,"9":0,"10":0,"11":0,"12":0,"13":0,"14":0,"15":0,"16":0,"17":0,"18":0,"19":0,"20":0,"21":0,"22":0,"23":0,"24":0,"25":0,"26":0,"27":0,"28":22,"29":31,"30":1,"31":20,"32":20,"33":0,"34":20,"35":0,"36":0,"37":20,"38":20,"39":20,"40":20,"41":20,"42":0,"43":20,"44":0,"45":0,"46":0,"47":0,"48":0,"49":0,"50":0,"51":0,"52":0,"53":0,"54":0,"55":0,"56":0,"57":0,"58":0,"59":0,"60":0,"61":0,"62":0,"63":0,"64":0,"65":0,"66":0,"67":0,"68":0,"69":0,"70":0,"71":0,"72":0,"73":0,"74":0},"b":{"1":[2,0],"2":[0,2],"3":[0,2],"4":[0,0],"5":[0,0],"6":[0,0],"7":[0,0],"8":[0,0],"9":[22,2,2,2,2],"10":[31,8],"11":[1,1,1,1],"12":[0,20],"13":[0,20],"14":[20,0],"15":[0,20],"16":[20,20],"17":[0,0],"18":[0,0],"19":[0,0],"20":[0,0],"21":[0,0,0],"22":[0,0],"23":[0,0],"24":[0,0],"25":[0,0],"26":[0,0],"27":[0,0],"28":[0,0]},"f":{"1":2,"2":0,"3":22,"4":31,"5":1,"6":20,"7":0,"8":0,"9":0,"10":0,"11":0,"12":0,"13":0,"14":0,"15":0,"16":0,"17":0,"18":0},"fnMap":{"1":{"name":"(anonymous_1)","line":27,"loc":{"start":{"line":27,"column":8},"end":{"line":27,"column":39}}},"2":{"name":"(anonymous_2)","line":50,"loc":{"start":{"line":50,"column":12},"end":{"line":50,"column":51}}},"3":{"name":"(anonymous_3)","line":91,"loc":{"start":{"line":91,"column":16},"end":{"line":91,"column":33}}},"4":{"name":"(anonymous_4)","line":106,"loc":{"start":{"line":106,"column":19},"end":{"line":106,"column":36}}},"5":{"name":"(anonymous_5)","line":117,"loc":{"start":{"line":117,"column":27},"end":{"line":117,"column":44}}},"6":{"name":"(anonymous_6)","line":129,"loc":{"start":{"line":129,"column":17},"end":{"line":129,"column":40}}},"7":{"name":"(anonymous_7)","line":162,"loc":{"start":{"line":162,"column":11},"end":{"line":162,"column":26}}},"8":{"name":"(anonymous_8)","line":190,"loc":{"start":{"line":190,"column":20},"end":{"line":190,"column":34}}},"9":{"name":"(anonymous_9)","line":202,"loc":{"start":{"line":202,"column":21},"end":{"line":202,"column":36}}},"10":{"name":"(anonymous_10)","line":204,"loc":{"start":{"line":204,"column":14},"end":{"line":204,"column":31}}},"11":{"name":"(anonymous_11)","line":221,"loc":{"start":{"line":221,"column":23},"end":{"line":221,"column":53}}},"12":{"name":"(anonymous_12)","line":223,"loc":{"start":{"line":223,"column":6},"end":{"line":223,"column":39}}},"13":{"name":"(anonymous_13)","line":229,"loc":{"start":{"line":229,"column":12},"end":{"line":229,"column":27}}},"14":{"name":"(anonymous_14)","line":235,"loc":{"start":{"line":235,"column":14},"end":{"line":235,"column":33}}},"15":{"name":"(anonymous_15)","line":247,"loc":{"start":{"line":247,"column":17},"end":{"line":247,"column":43}}},"16":{"name":"(anonymous_16)","line":260,"loc":{"start":{"line":260,"column":56},"end":{"line":260,"column":72}}},"17":{"name":"(anonymous_17)","line":272,"loc":{"start":{"line":272,"column":20},"end":{"line":272,"column":46}}},"18":{"name":"(anonymous_18)","line":289,"loc":{"start":{"line":289,"column":48},"end":{"line":289,"column":64}}}},"statementMap":{"1":{"start":{"line":3,"column":0},"end":{"line":6,"column":53}},"2":{"start":{"line":8,"column":0},"end":{"line":299,"column":2}},"3":{"start":{"line":28,"column":4},"end":{"line":38,"column":5}},"4":{"start":{"line":29,"column":6},"end":{"line":37,"column":7}},"5":{"start":{"line":30,"column":8},"end":{"line":30,"column":52}},"6":{"start":{"line":32,"column":11},"end":{"line":37,"column":7}},"7":{"start":{"line":33,"column":8},"end":{"line":33,"column":83}},"8":{"start":{"line":36,"column":8},"end":{"line":36,"column":32}},"9":{"start":{"line":51,"column":4},"end":{"line":67,"column":5}},"10":{"start":{"line":52,"column":6},"end":{"line":52,"column":46}},"11":{"start":{"line":53,"column":6},"end":{"line":53,"column":19}},"12":{"start":{"line":54,"column":6},"end":{"line":54,"column":22}},"13":{"start":{"line":56,"column":9},"end":{"line":67,"column":5}},"14":{"start":{"line":57,"column":6},"end":{"line":57,"column":57}},"15":{"start":{"line":58,"column":6},"end":{"line":58,"column":19}},"16":{"start":{"line":59,"column":6},"end":{"line":59,"column":19}},"17":{"start":{"line":61,"column":9},"end":{"line":67,"column":5}},"18":{"start":{"line":62,"column":6},"end":{"line":62,"column":57}},"19":{"start":{"line":63,"column":6},"end":{"line":63,"column":22}},"20":{"start":{"line":66,"column":6},"end":{"line":66,"column":57}},"21":{"start":{"line":69,"column":4},"end":{"line":71,"column":5}},"22":{"start":{"line":70,"column":6},"end":{"line":70,"column":37}},"23":{"start":{"line":73,"column":4},"end":{"line":73,"column":58}},"24":{"start":{"line":74,"column":4},"end":{"line":74,"column":27}},"25":{"start":{"line":76,"column":4},"end":{"line":79,"column":5}},"26":{"start":{"line":78,"column":6},"end":{"line":78,"column":56}},"27":{"start":{"line":81,"column":4},"end":{"line":81,"column":18}},"28":{"start":{"line":92,"column":4},"end":{"line":96,"column":36}},"29":{"start":{"line":107,"column":4},"end":{"line":108,"column":33}},"30":{"start":{"line":118,"column":4},"end":{"line":119,"column":83}},"31":{"start":{"line":130,"column":4},"end":{"line":130,"column":30}},"32":{"start":{"line":132,"column":4},"end":{"line":134,"column":5}},"33":{"start":{"line":133,"column":6},"end":{"line":133,"column":16}},"34":{"start":{"line":136,"column":4},"end":{"line":144,"column":5}},"35":{"start":{"line":137,"column":6},"end":{"line":137,"column":63}},"36":{"start":{"line":138,"column":6},"end":{"line":138,"column":48}},"37":{"start":{"line":142,"column":6},"end":{"line":142,"column":45}},"38":{"start":{"line":143,"column":6},"end":{"line":143,"column":31}},"39":{"start":{"line":146,"column":4},"end":{"line":148,"column":5}},"40":{"start":{"line":147,"column":6},"end":{"line":147,"column":32}},"41":{"start":{"line":150,"column":4},"end":{"line":152,"column":5}},"42":{"start":{"line":151,"column":6},"end":{"line":151,"column":45}},"43":{"start":{"line":154,"column":4},"end":{"line":154,"column":16}},"44":{"start":{"line":164,"column":4},"end":{"line":164,"column":86}},"45":{"start":{"line":165,"column":4},"end":{"line":165,"column":125}},"46":{"start":{"line":166,"column":4},"end":{"line":169,"column":15}},"47":{"start":{"line":192,"column":4},"end":{"line":192,"column":48}},"48":{"start":{"line":203,"column":4},"end":{"line":206,"column":21}},"49":{"start":{"line":204,"column":33},"end":{"line":204,"column":55}},"50":{"start":{"line":222,"column":4},"end":{"line":237,"column":9}},"51":{"start":{"line":224,"column":8},"end":{"line":227,"column":10}},"52":{"start":{"line":231,"column":8},"end":{"line":231,"column":46}},"53":{"start":{"line":232,"column":8},"end":{"line":232,"column":46}},"54":{"start":{"line":233,"column":8},"end":{"line":233,"column":21}},"55":{"start":{"line":236,"column":8},"end":{"line":236,"column":91}},"56":{"start":{"line":248,"column":4},"end":{"line":248,"column":46}},"57":{"start":{"line":251,"column":4},"end":{"line":253,"column":5}},"58":{"start":{"line":252,"column":6},"end":{"line":252,"column":35}},"59":{"start":{"line":254,"column":4},"end":{"line":256,"column":5}},"60":{"start":{"line":255,"column":6},"end":{"line":255,"column":45}},"61":{"start":{"line":260,"column":4},"end":{"line":262,"column":7}},"62":{"start":{"line":261,"column":6},"end":{"line":261,"column":35}},"63":{"start":{"line":273,"column":4},"end":{"line":273,"column":53}},"64":{"start":{"line":276,"column":4},"end":{"line":276,"column":49}},"65":{"start":{"line":277,"column":4},"end":{"line":297,"column":5}},"66":{"start":{"line":278,"column":6},"end":{"line":283,"column":7}},"67":{"start":{"line":279,"column":8},"end":{"line":279,"column":38}},"68":{"start":{"line":282,"column":8},"end":{"line":282,"column":32}},"69":{"start":{"line":286,"column":6},"end":{"line":286,"column":66}},"70":{"start":{"line":289,"column":6},"end":{"line":294,"column":9}},"71":{"start":{"line":290,"column":8},"end":{"line":290,"column":46}},"72":{"start":{"line":291,"column":8},"end":{"line":293,"column":9}},"73":{"start":{"line":292,"column":10},"end":{"line":292,"column":43}},"74":{"start":{"line":296,"column":6},"end":{"line":296,"column":20}}},"branchMap":{"1":{"line":28,"type":"if","locations":[{"start":{"line":28,"column":4},"end":{"line":28,"column":4}},{"start":{"line":28,"column":4},"end":{"line":28,"column":4}}]},"2":{"line":29,"type":"if","locations":[{"start":{"line":29,"column":6},"end":{"line":29,"column":6}},{"start":{"line":29,"column":6},"end":{"line":29,"column":6}}]},"3":{"line":32,"type":"if","locations":[{"start":{"line":32,"column":11},"end":{"line":32,"column":11}},{"start":{"line":32,"column":11},"end":{"line":32,"column":11}}]},"4":{"line":51,"type":"if","locations":[{"start":{"line":51,"column":4},"end":{"line":51,"column":4}},{"start":{"line":51,"column":4},"end":{"line":51,"column":4}}]},"5":{"line":56,"type":"if","locations":[{"start":{"line":56,"column":9},"end":{"line":56,"column":9}},{"start":{"line":56,"column":9},"end":{"line":56,"column":9}}]},"6":{"line":61,"type":"if","locations":[{"start":{"line":61,"column":9},"end":{"line":61,"column":9}},{"start":{"line":61,"column":9},"end":{"line":61,"column":9}}]},"7":{"line":69,"type":"if","locations":[{"start":{"line":69,"column":4},"end":{"line":69,"column":4}},{"start":{"line":69,"column":4},"end":{"line":69,"column":4}}]},"8":{"line":76,"type":"if","locations":[{"start":{"line":76,"column":4},"end":{"line":76,"column":4}},{"start":{"line":76,"column":4},"end":{"line":76,"column":4}}]},"9":{"line":92,"type":"binary-expr","locations":[{"start":{"line":92,"column":11},"end":{"line":92,"column":39}},{"start":{"line":93,"column":6},"end":{"line":93,"column":30}},{"start":{"line":94,"column":6},"end":{"line":94,"column":30}},{"start":{"line":95,"column":6},"end":{"line":95,"column":34}},{"start":{"line":96,"column":6},"end":{"line":96,"column":35}}]},"10":{"line":107,"type":"binary-expr","locations":[{"start":{"line":107,"column":11},"end":{"line":107,"column":31}},{"start":{"line":108,"column":6},"end":{"line":108,"column":32}}]},"11":{"line":118,"type":"binary-expr","locations":[{"start":{"line":118,"column":11},"end":{"line":118,"column":29}},{"start":{"line":119,"column":7},"end":{"line":119,"column":32}},{"start":{"line":119,"column":36},"end":{"line":119,"column":54}},{"start":{"line":119,"column":58},"end":{"line":119,"column":81}}]},"12":{"line":132,"type":"if","locations":[{"start":{"line":132,"column":4},"end":{"line":132,"column":4}},{"start":{"line":132,"column":4},"end":{"line":132,"column":4}}]},"13":{"line":136,"type":"if","locations":[{"start":{"line":136,"column":4},"end":{"line":136,"column":4}},{"start":{"line":136,"column":4},"end":{"line":136,"column":4}}]},"14":{"line":146,"type":"if","locations":[{"start":{"line":146,"column":4},"end":{"line":146,"column":4}},{"start":{"line":146,"column":4},"end":{"line":146,"column":4}}]},"15":{"line":150,"type":"if","locations":[{"start":{"line":150,"column":4},"end":{"line":150,"column":4}},{"start":{"line":150,"column":4},"end":{"line":150,"column":4}}]},"16":{"line":150,"type":"binary-expr","locations":[{"start":{"line":150,"column":8},"end":{"line":150,"column":15}},{"start":{"line":150,"column":19},"end":{"line":150,"column":40}}]},"17":{"line":192,"type":"binary-expr","locations":[{"start":{"line":192,"column":11},"end":{"line":192,"column":22}},{"start":{"line":192,"column":26},"end":{"line":192,"column":47}}]},"18":{"line":225,"type":"binary-expr","locations":[{"start":{"line":225,"column":16},"end":{"line":225,"column":38}},{"start":{"line":225,"column":42},"end":{"line":225,"column":54}}]},"19":{"line":231,"type":"cond-expr","locations":[{"start":{"line":231,"column":33},"end":{"line":231,"column":39}},{"start":{"line":231,"column":42},"end":{"line":231,"column":45}}]},"20":{"line":232,"type":"cond-expr","locations":[{"start":{"line":232,"column":33},"end":{"line":232,"column":39}},{"start":{"line":232,"column":42},"end":{"line":232,"column":45}}]},"21":{"line":236,"type":"binary-expr","locations":[{"start":{"line":236,"column":16},"end":{"line":236,"column":36}},{"start":{"line":236,"column":40},"end":{"line":236,"column":60}},{"start":{"line":236,"column":65},"end":{"line":236,"column":90}}]},"22":{"line":251,"type":"if","locations":[{"start":{"line":251,"column":4},"end":{"line":251,"column":4}},{"start":{"line":251,"column":4},"end":{"line":251,"column":4}}]},"23":{"line":251,"type":"binary-expr","locations":[{"start":{"line":251,"column":8},"end":{"line":251,"column":12}},{"start":{"line":251,"column":16},"end":{"line":251,"column":31}}]},"24":{"line":254,"type":"if","locations":[{"start":{"line":254,"column":4},"e
[...]
","","  return resources;","}","","/**"," * Sets a deep property of the given object."," *"," * @param   {object}    obj         The object whose property is to be set."," * @param   {string}    propName    The deep property name (e.g. \"Vet.Address.State\")"," * @param   {*}         propValue   The value to set"," */","function setDeepProperty(obj, propName, propValue) {","  propName = propName.split('.');","  for (var i = 0; i < propName.length - 1; i++) {","    obj = obj[propName[i]] = obj[propName[i]] || {};","  }","  obj[propName[propName.length - 1]] = propValue;","}",""],"l":{"3":1,"10":1,"26":1,"27":0,"28":0,"29":0,"31":0,"33":0,"36":0,"40":0,"44":0,"47":0,"64":1,"65":0,"66":0,"67":0,"71":0,"73":0,"74":0,"76":0,"78":0,"82":0,"88":1,"90":0,"93":0,"96":0,"97":0,"99":0,"101":0,"102":0,"106":0,"107":0,"119":1,"120":0,"122":0,"124":0,"125":0,"127":0,"128":0,"129":0,"130":0,"134":0,"136":0,"137":0,"138":0,"143":0,"153":1,"154":0,"155":0,"156":0,"158":0}},"/home/travis/build/npmtest/node-npmtest-swagger-express-middleware/node_modules/swagger-express-middleware/lib/data-store/file-data-store.js":{"path":"/home/travis/build/npmtest/node-npmtest-swagger-express-middleware/node_modules/swagger-express-middleware/lib/data-store/file-data-store.js","s":{"1":1,"2":1,"3":1,"4":1,"5":1,"6":0,"7":0,"8":1,"9":0,"10":0,"11":0,"12":0,"13":0,"14":0,"15":0,"16":0,"17":0,"18":0,"19":0,"20":1,"21":0,"22":0,"23":0,"24":0,"25":0,"26":1,"27":0,"28":0,"29":0,"30":1,"31":0,"32":0,"33":0,"34":0},"b":{"1":[0,0],"2":[0,0],"3":[0,0],"4":[0,0]},"f":{"1":0,"2":0,"3":0,"4":0,"5":0,"6":0,"7":0},"fnMap":{"1":{"name":"FileDataStore","line":22,"loc":{"start":{"line":22,"column":0},"end":{"line":22,"column":32}}},"2":{"name":"(anonymous_2)","line":31,"loc":{"start":{"line":31,"column":42},"end":{"line":31,"column":73}}},"3":{"name":"(anonymous_3)","line":32,"loc":{"start":{"line":32,"column":75},"end":{"line":32,"column":95}}},"4":{"name":"(anonymous_4)","line":64,"loc":{"start":{"line":64,"column":42},"end":{"line":64,"column":84}}},"5":{"name":"(anonymous_5)","line":68,"loc":{"start":{"line":68,"column":51},"end":{"line":68,"column":65}}},"6":{"name":"getDirectory","line":86,"loc":{"start":{"line":86,"column":0},"end":{"line":86,"column":43}}},"7":{"name":"getFilePath","line":99,"loc":{"start":{"line":99,"column":0},"end":{"line":99,"column":42}}}},"statementMap":{"1":{"start":{"line":3,"column":0},"end":{"line":3,"column":31}},"2":{"start":{"line":5,"column":0},"end":{"line":9,"column":34}},"3":{"start":{"line":12,"column":0},"end":{"line":12,"column":61}},"4":{"start":{"line":13,"column":0},"end":{"line":13,"column":52}},"5":{"start":{"line":22,"column":0},"end":{"line":25,"column":1}},"6":{"start":{"line":23,"column":2},"end":{"line":23,"column":23}},"7":{"start":{"line":24,"column":2},"end":{"line":24,"column":44}},"8":{"start":{"line":31,"column":0},"end":{"line":58,"column":2}},"9":{"start":{"line":32,"column":2},"end":{"line":57,"column":5}},"10":{"start":{"line":33,"column":4},"end":{"line":56,"column":5}},"11":{"start":{"line":34,"column":6},"end":{"line":40,"column":7}},"12":{"start":{"line":36,"column":8},"end":{"line":36,"column":27}},"13":{"start":{"line":39,"column":8},"end":{"line":39,"column":22}},"14":{"start":{"line":43,"column":6},"end":{"line":43,"column":20}},"15":{"start":{"line":44,"column":6},"end":{"line":51,"column":7}},"16":{"start":{"line":46,"column":8},"end":{"line":46,"column":41}},"17":{"start":{"line":49,"column":8},"end":{"line":49,"column":20}},"18":{"start":{"line":50,"column":8},"end":{"line":50,"column":15}},"19":{"start":{"line":55,"column":6},"end":{"line":55,"column":32}},"20":{"start":{"line":64,"column":0},"end":{"line":77,"column":2}},"21":{"start":{"line":65,"column":2},"end":{"line":65,"column":18}},"22":{"start":{"line":68,"column":2},"end":{"line":76,"column":5}},"23":{"start":{"line":69,"column":4},"end":{"line":75,"column":5}},"24":{"start":{"line":70,"column":6},"end":{"line":70,"column":20}},"25":{"start":{"line":74,"column":6},"end":{"line":74,"column":106}},"26":{"start":{"line":86,"column":0},"end":{"line":90,"column":1}},"27":{"start":{"line":87,"column":2},"end":{"line":87,"column":65}},"28":{"start":{"line":88,"column":2},"end":{"line":88,"column":26}},"29":{"start":{"line":89,"column":2},"end":{"line":89,"column":49}},"30":{"start":{"line":99,"column":0},"end":{"line":104,"column":1}},"31":{"start":{"line":100,"column":2},"end":{"line":100,"column":52}},"32":{"start":{"line":101,"column":2},"end":{"line":101,"column":81}},"33":{"start":{"line":102,"column":2},"end":{"line":102,"column":36}},"34":{"start":{"line":103,"column":2},"end":{"line":103,"column":40}}},"branchMap":{"1":{"line":24,"type":"binary-expr","locations":[{"start":{"line":24,"column":19},"end":{"line":24,"column":26}},{"start":{"line":24,"column":30},"end":{"line":24,"column":43}}]},"2":{"line":33,"type":"if","locations":[{"start":{"line":33,"column":4},"end":{"line":33,"column":4}},{"start":{"line":33,"column":4},"end":{"line":33,"column":4}}]},"3":{"line":34,"type":"if","locations":[{"start":{"line":34,"column":6},"end":{"line":34,"column":6}},{"start":{"line":34,"column":6},"end":{"line":34,"column":6}}]},"4":{"line":69,"type":"if","locations":[{"start":{"line":69,"column":4},"end":{"line":69,"column":4}},{"start":{"line":69,"column":4},"end":{"line":69,"column":4}}]}},"code":["'use strict';","","module.exports = FileDataStore;","","var DataStore = require('./index'),","    Resource  = require('./resource'),","    fs        = require('fs'),","    path      = require('path'),","    mkdirp    = require('mkdirp');","","// Inheritance","FileDataStore.prototype = Object.create(DataStore.prototype);","FileDataStore.prototype.constructor = FileDataStore;","","/**"," * A JSON file data store for REST resources. Each collection is stored as a separate file."," *"," * @param   {string}    baseDir     The base directory where the JSON files will be saved."," * @constructor"," * @extends DataStore"," */","function FileDataStore(baseDir) {","  DataStore.call(this);","  this.__baseDir = baseDir || process.cwd();","}","","/**"," * Overrides {@link DataStore#__openDataStore} to return data from a JSON file."," * @protected"," */","FileDataStore.prototype.__openDataStore = function(collection, callback) {","  fs.readFile(getFilePath(this.__baseDir, collection), {encoding: 'utf8'}, function(err, data) {","    if (err) {","      if (err.code === 'ENOENT') {","        // The file doesn't exist yet, so just return an empty array","        callback(null, []);","      }","      else {","        callback(err);","      }","    }","    else {","      var resources;","      try {","        // Parse the JSON data into an array of Resource objects","        resources = Resource.parse(data);","      }","      catch (e) {","        callback(e);","        return;","      }","","      // Call the callback outside of the try..catch block,","      // so we don't catch any errors that happen in third-party code","      callback(null, resources);","    }","  });","};","","/**"," * Overrides {@link DataStore#__saveDataStore} to store data in a a JSON file."," * @protected"," */","FileDataStore.prototype.__saveDataStore = function(collection, resources, callback) {","  var self = this;","","  // Create the directory path","  mkdirp(getDirectory(this.__baseDir, collection), function(err) {","    if (err) {","      callback(err);","    }","    else {","      // Write the JSON data to the file","      fs.writeFile(getFilePath(self.__baseDir, collection), JSON.stringify(resources, null, 2), callback);","    }","  });","};","","/**"," * Returns the directory where the given collection's JSON file is stored."," *"," * @param   {string}    baseDir         (e.g. \"/some/base/path\")"," * @param   {string}    collection      (e.g. \"/users/jdoe/orders\")"," * @returns {string}                    (e.g. \"/some/base/path/users/jdoe\")"," */","function getDirectory(baseDir, collection) {","  var dir = collection.substring(0, collection.lastIndexOf('/'));","  dir = dir.toLowerCase();","  return path.normalize(path.join(baseDir, dir));","}","","/**"," * Returns the full path of the JSON file for the given collection."," *"," * @param   {string}    baseDir         (e.g. \"/some/base/path\")"," * @param   {string}    collection      (e.g. \"/users/jdoe/orders\")"," * @returns {string}                    (e.g. \"/some/base/path/users/jdoe/orders.json\")"," */","function getFilePath(baseDir, collection) {","  var directory = getDirectory(baseDir, collection);","  var fileName = collection.substring(collection.lastIndexOf('/') + 1) + '.json';","  fileName = fileName.toLowerCase();","  return path.join(directory, fileName);","}",""],"l":{"3":1,"5":1,"12":1,"13":1,"22":1,"23":0,"24":0,"31":1,"32":0,"33":0,"34":0,"36":0,"39":0,"43":0,"44":0,"46":0,"49":0,"50":0,"55":0,"64":1,"65":0,"68":0,"69":0,"70":0,"74":0,"86":1,"87":0,"88":0,"89":0,"99":1,"100":0,"101":0,"102":0,"103":0}},"/home/travis/build/npmtest/node-npmtest-swagger-express-middleware/node_modules/swagger-express-middleware/samples/sample1.js":{"path":"/home/travis/build/npmtest/node-npmtest-swagger-express-middleware/node_modules/swagger-express-middleware/samples/sample1.js","s":{"1":1,"2":1,"3":1,"4":1,"5":1,"6":1,"7":1,"8":1},"b":{},"f":{"1":1,"2":1},"fnMap":{"1":{"name":"(anonymous_1)","line":16,"loc":{"start":{"line":16,"column":33},"end":{"line":16,"column":59}}},"2":{"name":"(anonymous_2)","line":28,"loc":{"start":{"line":28,"column":19},"end":{"line":28,"column":30}}}},"statementMap":{"1":{"start":{"line":9,"column":0},"end":{"line":9,"column":41}},"2":{"start":{"line":11,"column":0},"end":{"line":11,"column":33}},"3":{"start":{"line":12,"column":0},"end":{"line":12,"column":55}},"4":{"start":{"line":14,"column":0},"end":{"line":14,"column":20}},"5":{"start":{"line":16,"column":0},"end":{"line":31,"column":3}},"6":{"start":{"line":19,"column":2},"end":{"line":26,"column":4}},"7":{"start":{"line":28,"column":2},"end":{"line":30,"column":5}},"8":{"start":{"line":29,"column":4},"end":{"line":29,"column":81}}},"branchMap":{},"code":["'use strict';","/**************************************************************************************************"," * This sample demonstrates the most simplistic usage of Swagger-Express-Middleware."," * It simply creates a new Express Application and adds all of the Swagger middleware"," * without changing any options, and without adding any custom middleware."," **************************************************************************************************/","","// Set the DEBUG environment variable to enable debug output","process.env.DEBUG = 'swagger:middleware';","","var express = require('express');","var middleware = require('swagger-express-middleware');","","var app = express();","","middleware('PetStore.yaml', app, function(err, middleware) {","  // Add all the Swagger Express Middleware, or just the ones you need.","  // NOTE: Some of these accept optional options (omitted here for brevity)","  app.use(","    middleware.metadata(),","    middleware.CORS(),","    middleware.files(),","    middleware.parseRequest(),","    middleware.validateRequest(),","    middleware.mock()","  );","","  app.listen(8000, function() {","    console.log('The Swagger Pet Store is now running at http://localhost:8000');","  });","});",""],"l":{"9":1,"11":1,"12":1,"14":1,"16":1,"19":1,"28":1,"29":1}},"/home/travis/build/npmtest/node-npmtest-swagger-express-middleware/node_modules/swagger-express-middleware/samples/node_modules/swagger-express-middleware/index.js":{"path":"/home/travis/build/npmtest/node-npmtest-swagger-express-middleware/node_modules/swagger-express-middleware/samples/node_modules/swagger-express-middleware/index.js","s":{"1":1},"b":{},"f":{},"fnMap":{},"statementMap":{"1":{"start":{"line":1,"column":0},"end":{"line":1,"column":38}}},"branchMap":{},"code":["module.exports = require('../../../');",""],"l":{"1":1}},"/home/travis/build/npmtest/node-npmtest-swagger-express-middleware/node_modules/swagger-express-middleware/samples/sample2.js":{"path":"/home/travis/build/npmtest/node-npmtest-swagger-express-middleware/node_modules/swagger-express-middleware/samples/sample2.js","s":{"1":1,"2":1,"3":1,"4":1,"5":1,"6":1,"7":1,"8":1,"9":1,"10":1,"11":1,"12":1,"13":1,"14":1,"15":0,"16":0,"17":0,"18":0,"19":0,"20":0,"21":0,"22":0,"23":1,"24":1,"25":0,"26":0,"27":0,"28":1,"29":0},"b":{"1":[0,0],"2":[0,0]},"f":{"1":1,"2":0,"3":0,"4":0,"5":0,"6":0},"fnMap":{"1":{"name":"(anonymous_1)","line":21,"loc":{"start":{"line":21,"column":33},"end":{"line":21,"column":47}}},"2":{"name":"(anonymous_2)","line":80,"loc":{"start":{"line":80,"column":30},"end":{"line":80,"column":55}}},"3":{"name":"(anonymous_3)","line":84,"loc":{"start":{"line":84,"column":42},"end":{"line":84,"column":61}}},"4":{"name":"(anonymous_4)","line":94,"loc":{"start":{"line":94,"column":61},"end":{"line":94,"column":80}}},"5":{"name":"(anonymous_5)","line":110,"loc":{"start":{"line":110,"column":10},"end":{"line":110,"column":40}}},"6":{"name":"(anonymous_6)","line":116,"loc":{"start":{"line":116,"column":19},"end":{"line":116,"column":30}}}},"statementMap":{"1":{"start":{"line":8,"column":0},"end":{"line":8,"column":32}},"2":{"start":{"line":10,"column":0},"end":{"line":16,"column":39}},"3":{"start":{"line":18,"column":0},"end":{"line":18,"column":20}},"4":{"start":{"line":19,"column":0},"end":{"line":19,"column":37}},"5":{"start":{"line":21,"column":0},"end":{"line":119,"column":3}},"6":{"start":{"line":23,"column":2},"end":{"line":23,"column":35}},"7":{"start":{"line":24,"column":2},"end":{"line":30,"column":4}},"8":{"start":{"line":34,"column":2},"end":{"line":34,"column":39}},"9":{"start":{"line":35,"column":2},"end":{"line":35,"column":31}},"10":{"start":{"line":37,"column":2},"end":{"line":37,"column":33}},"11":{"start":{"line":38,"column":2},"end":{"line":52,"column":5}},"12":{"start":{"line":54,"column":2},"end":{"line":71,"column":5}},"13":{"start":{"line":74,"column":2},"end":{"line":77,"column":4}},"14":{"start":{"line":80,"column":2},"end":{"line":103,"column":5}},"15":{"start":{"line":81,"column":4},"end":{"line":102,"column":5}},"16":{"start":{"line":84,"column":6},"end":{"line":98,"column":9}},"17":{"start":{"line":85,"column":8},"end":{"line":91,"column":9}},"18":{"start":{"line":87,"column":10},"end":{"line":87,"column":30}},"19":{"start":{"line":90,"column":10},"end":{"line":90,"column":25}},"20":{"start":{"line":94,"column":8},"end":{"line":97,"column":11}},"21":{"start":{"line":96,"column":10},"end":{"line":96,"column":29}},"22":{"start":{"line":101,"column":6},"end":{"line":101,"column":13}},"23":{"start":{"line":107,"column":2},"end":{"line":107,"column":33}},"24":{"start":{"line":110,"column":2},"end":{"line":114,"column":5}},"25":{"start":{"line":111,"column":4},"end":{"line":111,"column":27}},"26":{"start":{"line":112,"column":4},"end":{"line":112,"column":21}},"27":{"start":{"line":113,"column":4},"end":{"line":113,"column":108}},"28":{"start":{"line":116,"column":2},"end":{"line":118,"column":5}},"29":{"start":{"line":117,"column":4},"end":{"line":117,"column":81}}},"branchMap":{"1":{"line":81,"type":"if","locations":[{"start":{"line":81,"column":4},"end":{"line":81,"column":4}},{"start":{"line":81,"column":4},"end":{"line":81,"column":4}}]},"2":{"line":85,"type":"if","locations":[{"start":{"line":85,"column":8},"end":{"line":85,"column":8}},{"start":{"line":85,"column":8},"end":{"line":85,"column":8}}]}},"code":["'use strict';","/**************************************************************************************************"," * This sample demonstrates a few more advanced features of Swagger-Express-Middleware,"," * such as setting a few options, initializing the mock data store, and adding custom middleware logic."," **************************************************************************************************/","","// Set the DEBUG environment variable to enable debug output of Swagger Middleware AND Swagger Parser","process.env.DEBUG = 'swagger:*';","","var util            = require('util'),","    path            = require('path'),","    express         = require('express'),","    swagger         = require('swagger-express-middleware'),","    Middleware      = swagger.Middleware,","    MemoryDataStore = swagger.MemoryDataStore,","    Resource        = swagger.Resource;","","var app = express();","var middleware = new Middleware(app);","","middleware.init('PetStore.yaml', function(err) {","  // Create a custom data store with some initial mock data","  var myDB = new MemoryDataStore();","  myDB.save(","    new Resource('/pets/Lassie', {name: 'Lassie', type: 'dog', tags: ['brown', 'white']}),","    new Resource('/pets/Clifford', {name: 'Clifford', type: 'dog', tags: ['red', 'big']}),","    new Resource('/pets/Garfield', {name: 'Garfield', type: 'cat', tags: ['orange']}),","    new Resource('/pets/Snoopy', {name: 'Snoopy', type: 'dog', tags: ['black', 'white']}),","    new Resource('/pets/Hello%20Kitty', {name: 'Hello Kitty', type: 'cat', tags: ['white']})","  );","","  // Enable Express' case-sensitive and strict options","  // (so \"/pets/Fido\", \"/pets/fido\", and \"/pets/fido/\" are all different)","  app.enable('case sensitive routing');","  app.enable('strict routing');","","  app.use(middleware.metadata());","  app.use(middleware.files(","    {","      // Override the Express App's case-sensitive and strict-routing settings","      // for the Files middleware.","      caseSensitive: false,","      strict: false","    },","    {","      // Serve the Swagger API from \"/swagger/api\" instead of \"/api-docs\"","      apiPath: '/swagger/api',","","      // Disable serving the \"PetStore.yaml\" file","      rawFilesPath: false","    }","  ));","","  app.use(middleware.parseRequest(","    {","      // Configure the cookie parser to use secure cookies","      cookie: {","        secret: 'MySuperSecureSecretKey'","      },","","      // Don't allow JSON content over 100kb (default is 1mb)","      json: {","        limit: '100kb'","      },","","      // Change the location for uploaded pet photos (default is the system's temp directory)","      multipart: {","        dest: path.join(__dirname, 'photos')","      }","    }","  ));","","  // These two middleware don't have any options (yet)","  app.use(","    middleware.CORS(),","    middleware.validateRequest()","  );","","  // Add custom middleware","  app.patch('/pets/:petName', function(req, res, next) {","    if (req.body.name !== req.params.petName) {","      // The pet's name has changed, so change its URL.","      // Start by deleting the old resource","      myDB.delete(new Resource(req.path), function(err, pet) {","        if (pet) {","          // Merge the new data with the old data","          pet.merge(req.body);","        }","        else {","          pet = req.body;","        }","","        // Save the pet with the new URL","        myDB.save(new Resource('/pets', req.body.name, pet), function(err, pet) {","          // Send the response","          res.json(pet.data);","        });","      });","    }","    else {","      next();","    }","  });","","  // The mock middleware will use our custom data store,","  // which we already pre-populated with mock data","  app.use(middleware.mock(myDB));","","  // Add a custom error handler that returns errors as HTML","  app.use(function(err, req, res, next) {","    res.status(err.status);","    res.type('html');","    res.send(util.format('<html><body><h1>%d Error!</h1><p>%s</p></body></html>', err.status, err.message));","  });","","  app.listen(8000, function() {","    console.log('The Swagger Pet Store is now running at http://localhost:8000');","  });","});",""],"l":{"8":1,"10":1,"18":1,"19":1,"21":1,"23":1,"24":1,"34":1,"35":1,"37":1,"38":1,"54":1,"74":1,"80":1,"81":0,"84":0,"85":0,"87":0,"90":0,"94":0,"96":0,"101":0,"107":1,"110":1,"111":0,"112":0,"113":0,"116":1,"117":0}}}